  [4;36;1mSQL (0.1ms)[0m   [0;1mSET NAMES 'utf8'[0m
  [4;35;1mSQL (0.1ms)[0m   [0mSET SQL_AUTO_IS_NULL=0[0m
DEPRECATION WARNING: protect_from_forgery only takes :only and :except options now. :digest and :secret have no effect. (called from /home/administrator/code/windrunner/app/controllers/application_controller.rb:6)


Processing StoreController#index (for 127.0.0.1 at 2011-10-21 13:15:22) [GET]
  [4;36;1mProduct Load (0.1ms)[0m   [0;1mSELECT * FROM `products` [0m
Rendering template within layouts/store
Rendering store/index
  [4;35;1mProduct Columns (0.8ms)[0m   [0mSHOW FIELDS FROM `products`[0m
Completed in 44ms (View: 38, DB: 2) | 200 OK [http://localhost/store]
  [4;36;1mSQL (0.1ms)[0m   [0;1mSET NAMES 'utf8'[0m
  [4;35;1mSQL (0.2ms)[0m   [0mSET SQL_AUTO_IS_NULL=0[0m
DEPRECATION WARNING: protect_from_forgery only takes :only and :except options now. :digest and :secret have no effect. (called from /home/administrator/code/windrunner/app/controllers/application_controller.rb:6)


Processing StoreController#add_to_cart (for 127.0.0.1 at 2011-10-21 13:15:23) [POST]
  Parameters: {"authenticity_token"=>"4jqOPqQk6U43h6ZcDAHdeYqnOBq4klpToxDdtstpKnw=", "id"=>"1"}
  [4;36;1mProduct Columns (0.8ms)[0m   [0;1mSHOW FIELDS FROM `products`[0m
  [4;35;1mProduct Load (0.1ms)[0m   [0mSELECT * FROM `products` WHERE (`products`.`id` = 1) [0m
Rendering template within layouts/store
Rendering store/add_to_cart

ActionView::TemplateError (wrong number of arguments (0 for 1)) on line #14 of app/views/store/add_to_cart.html.erb:
11:     <tr>
12:       <td><%= item.quantity %>&times;</td>
13:       <td><%=h item.name %></td>
14:       <td class="item-price"><%= number_to_currency(item.price) %></td>
15:     </tr>
16:   <% end %>
17:     

    app/views/store/add_to_cart.html.erb:14:in `price'
    app/views/store/add_to_cart.html.erb:14
    app/views/store/add_to_cart.html.erb:10:in `each'
    app/views/store/add_to_cart.html.erb:10
    /usr/lib/ruby/1.8/mongrel/rails.rb:76:in `process'
    /usr/lib/ruby/1.8/mongrel/rails.rb:74:in `synchronize'
    /usr/lib/ruby/1.8/mongrel/rails.rb:74:in `process'
    /usr/lib/ruby/1.8/mongrel.rb:159:in `process_client'
    /usr/lib/ruby/1.8/mongrel.rb:158:in `each'
    /usr/lib/ruby/1.8/mongrel.rb:158:in `process_client'
    /usr/lib/ruby/1.8/mongrel.rb:285:in `run'
    /usr/lib/ruby/1.8/mongrel.rb:285:in `initialize'
    /usr/lib/ruby/1.8/mongrel.rb:285:in `new'
    /usr/lib/ruby/1.8/mongrel.rb:285:in `run'
    /usr/lib/ruby/1.8/mongrel.rb:268:in `initialize'
    /usr/lib/ruby/1.8/mongrel.rb:268:in `new'
    /usr/lib/ruby/1.8/mongrel.rb:268:in `run'
    /usr/lib/ruby/1.8/mongrel/configurator.rb:282:in `run'
    /usr/lib/ruby/1.8/mongrel/configurator.rb:281:in `each'
    /usr/lib/ruby/1.8/mongrel/configurator.rb:281:in `run'
    /usr/lib/ruby/1.8/mongrel/command.rb:212:in `run'

Rendered rescues/_trace (35.3ms)
Rendered rescues/_request_and_response (1.1ms)
Rendering rescues/layout (internal_server_error)
  [4;36;1mSQL (0.1ms)[0m   [0;1mSET NAMES 'utf8'[0m
  [4;35;1mSQL (0.2ms)[0m   [0mSET SQL_AUTO_IS_NULL=0[0m
DEPRECATION WARNING: protect_from_forgery only takes :only and :except options now. :digest and :secret have no effect. (called from /home/administrator/code/windrunner/app/controllers/application_controller.rb:6)


Processing PagesController#home (for 127.0.0.1 at 2011-10-21 13:15:34) [GET]
Rendering template within layouts/pages
Rendering pages/home
Completed in 15ms (View: 14, DB: 0) | 200 OK [http://localhost/]
  [4;36;1mSQL (0.1ms)[0m   [0;1mSET NAMES 'utf8'[0m
  [4;35;1mSQL (0.1ms)[0m   [0mSET SQL_AUTO_IS_NULL=0[0m
DEPRECATION WARNING: protect_from_forgery only takes :only and :except options now. :digest and :secret have no effect. (called from /home/administrator/code/windrunner/app/controllers/application_controller.rb:6)


Processing PagesController#home (for 127.0.0.1 at 2011-10-21 13:15:38) [GET]
Rendering template within layouts/pages
Rendering pages/home
Completed in 3ms (View: 2, DB: 0) | 200 OK [http://localhost/]
  [4;36;1mSQL (0.1ms)[0m   [0;1mSET NAMES 'utf8'[0m
  [4;35;1mSQL (0.2ms)[0m   [0mSET SQL_AUTO_IS_NULL=0[0m
DEPRECATION WARNING: protect_from_forgery only takes :only and :except options now. :digest and :secret have no effect. (called from /home/administrator/code/windrunner/app/controllers/application_controller.rb:6)


Processing StoreController#index (for 127.0.0.1 at 2011-10-21 13:15:39) [GET]
  [4;36;1mProduct Load (0.1ms)[0m   [0;1mSELECT * FROM `products` [0m
Rendering template within layouts/store
Rendering store/index
  [4;35;1mProduct Columns (0.8ms)[0m   [0mSHOW FIELDS FROM `products`[0m
Completed in 67ms (View: 62, DB: 2) | 200 OK [http://localhost/store]
  [4;36;1mSQL (0.1ms)[0m   [0;1mSET NAMES 'utf8'[0m
  [4;35;1mSQL (0.1ms)[0m   [0mSET SQL_AUTO_IS_NULL=0[0m
DEPRECATION WARNING: protect_from_forgery only takes :only and :except options now. :digest and :secret have no effect. (called from /home/administrator/code/windrunner/app/controllers/application_controller.rb:6)


Processing StoreController#add_to_cart (for 127.0.0.1 at 2011-10-21 13:15:40) [POST]
  Parameters: {"authenticity_token"=>"MPpQ2TqRT/LQ4A3GTaBkv4bymzb6T0vs2nqjRyDI/co=", "id"=>"1"}
  [4;36;1mProduct Columns (0.8ms)[0m   [0;1mSHOW FIELDS FROM `products`[0m
  [4;35;1mProduct Load (0.1ms)[0m   [0mSELECT * FROM `products` WHERE (`products`.`id` = 1) [0m
Rendering template within layouts/store
Rendering store/add_to_cart

ActionView::TemplateError (wrong number of arguments (0 for 1)) on line #14 of app/views/store/add_to_cart.html.erb:
11:     <tr>
12:       <td><%= item.quantity %>&times;</td>
13:       <td><%=h item.name %></td>
14:       <td class="item-price"><%= number_to_currency(item.price) %></td>
15:     </tr>
16:   <% end %>
17:     

    app/views/store/add_to_cart.html.erb:14:in `price'
    app/views/store/add_to_cart.html.erb:14
    app/views/store/add_to_cart.html.erb:10:in `each'
    app/views/store/add_to_cart.html.erb:10
    /usr/lib/ruby/1.8/mongrel/rails.rb:76:in `process'
    /usr/lib/ruby/1.8/mongrel/rails.rb:74:in `synchronize'
    /usr/lib/ruby/1.8/mongrel/rails.rb:74:in `process'
    /usr/lib/ruby/1.8/mongrel.rb:159:in `process_client'
    /usr/lib/ruby/1.8/mongrel.rb:158:in `each'
    /usr/lib/ruby/1.8/mongrel.rb:158:in `process_client'
    /usr/lib/ruby/1.8/mongrel.rb:285:in `run'
    /usr/lib/ruby/1.8/mongrel.rb:285:in `initialize'
    /usr/lib/ruby/1.8/mongrel.rb:285:in `new'
    /usr/lib/ruby/1.8/mongrel.rb:285:in `run'
    /usr/lib/ruby/1.8/mongrel.rb:268:in `initialize'
    /usr/lib/ruby/1.8/mongrel.rb:268:in `new'
    /usr/lib/ruby/1.8/mongrel.rb:268:in `run'
    /usr/lib/ruby/1.8/mongrel/configurator.rb:282:in `run'
    /usr/lib/ruby/1.8/mongrel/configurator.rb:281:in `each'
    /usr/lib/ruby/1.8/mongrel/configurator.rb:281:in `run'
    /usr/lib/ruby/1.8/mongrel/command.rb:212:in `run'

Rendered rescues/_trace (32.0ms)
Rendered rescues/_request_and_response (0.3ms)
Rendering rescues/layout (internal_server_error)
  [4;36;1mSQL (0.1ms)[0m   [0;1mSET NAMES 'utf8'[0m
  [4;35;1mSQL (0.1ms)[0m   [0mSET SQL_AUTO_IS_NULL=0[0m
DEPRECATION WARNING: protect_from_forgery only takes :only and :except options now. :digest and :secret have no effect. (called from /home/administrator/code/windrunner/app/controllers/application_controller.rb:6)


Processing StoreController#index (for 127.0.0.1 at 2011-10-21 13:17:20) [GET]
  [4;36;1mProduct Load (0.1ms)[0m   [0;1mSELECT * FROM `products` [0m
Rendering template within layouts/store
Rendering store/index
  [4;35;1mProduct Columns (0.6ms)[0m   [0mSHOW FIELDS FROM `products`[0m
Completed in 67ms (View: 62, DB: 1) | 200 OK [http://localhost/store]
  [4;36;1mSQL (0.1ms)[0m   [0;1mSET NAMES 'utf8'[0m
  [4;35;1mSQL (0.2ms)[0m   [0mSET SQL_AUTO_IS_NULL=0[0m
DEPRECATION WARNING: protect_from_forgery only takes :only and :except options now. :digest and :secret have no effect. (called from /home/administrator/code/windrunner/app/controllers/application_controller.rb:6)


Processing StoreController#add_to_cart (for 127.0.0.1 at 2011-10-21 13:17:21) [POST]
  Parameters: {"authenticity_token"=>"MPpQ2TqRT/LQ4A3GTaBkv4bymzb6T0vs2nqjRyDI/co=", "id"=>"1"}
  [4;36;1mProduct Columns (0.8ms)[0m   [0;1mSHOW FIELDS FROM `products`[0m
  [4;35;1mProduct Load (0.1ms)[0m   [0mSELECT * FROM `products` WHERE (`products`.`id` = 1) [0m
Rendering template within layouts/store
Rendering store/add_to_cart
Completed in 19ms (View: 8, DB: 1) | 200 OK [http://localhost/store/add_to_cart/1]
  [4;36;1mSQL (0.1ms)[0m   [0;1mSET NAMES 'utf8'[0m
  [4;35;1mSQL (0.2ms)[0m   [0mSET SQL_AUTO_IS_NULL=0[0m
DEPRECATION WARNING: protect_from_forgery only takes :only and :except options now. :digest and :secret have no effect. (called from /home/administrator/code/windrunner/app/controllers/application_controller.rb:6)


Processing StoreController#index (for 127.0.0.1 at 2011-10-21 13:17:45) [GET]
  [4;36;1mProduct Load (0.1ms)[0m   [0;1mSELECT * FROM `products` [0m
Rendering template within layouts/store
Rendering store/index
  [4;35;1mProduct Columns (0.7ms)[0m   [0mSHOW FIELDS FROM `products`[0m
Completed in 23ms (View: 17, DB: 1) | 200 OK [http://localhost/store]
  [4;36;1mSQL (0.1ms)[0m   [0;1mSET NAMES 'utf8'[0m
  [4;35;1mSQL (0.2ms)[0m   [0mSET SQL_AUTO_IS_NULL=0[0m
DEPRECATION WARNING: protect_from_forgery only takes :only and :except options now. :digest and :secret have no effect. (called from /home/administrator/code/windrunner/app/controllers/application_controller.rb:6)


Processing StoreController#add_to_cart (for 127.0.0.1 at 2011-10-21 13:17:46) [POST]
  Parameters: {"authenticity_token"=>"MPpQ2TqRT/LQ4A3GTaBkv4bymzb6T0vs2nqjRyDI/co=", "id"=>"1"}
  [4;36;1mProduct Columns (0.6ms)[0m   [0;1mSHOW FIELDS FROM `products`[0m
  [4;35;1mProduct Load (0.1ms)[0m   [0mSELECT * FROM `products` WHERE (`products`.`id` = 1) [0m
Rendering template within layouts/store
Rendering store/add_to_cart

ActionView::TemplateError (wrong number of arguments (0 for 1)) on line #14 of app/views/store/add_to_cart.html.erb:
11:     <tr>
12:       <td><%= item.quantity %>&times;</td>
13:       <td><%=h item.name %></td>
14:       <td class="item-price"><%= number_to_currency(item.price) %></td>
15:     </tr>
16:   <% end %>
17: 

    app/views/store/add_to_cart.html.erb:14:in `price'
    app/views/store/add_to_cart.html.erb:14
    app/views/store/add_to_cart.html.erb:10:in `each'
    app/views/store/add_to_cart.html.erb:10
    /usr/lib/ruby/1.8/mongrel/rails.rb:76:in `process'
    /usr/lib/ruby/1.8/mongrel/rails.rb:74:in `synchronize'
    /usr/lib/ruby/1.8/mongrel/rails.rb:74:in `process'
    /usr/lib/ruby/1.8/mongrel.rb:159:in `process_client'
    /usr/lib/ruby/1.8/mongrel.rb:158:in `each'
    /usr/lib/ruby/1.8/mongrel.rb:158:in `process_client'
    /usr/lib/ruby/1.8/mongrel.rb:285:in `run'
    /usr/lib/ruby/1.8/mongrel.rb:285:in `initialize'
    /usr/lib/ruby/1.8/mongrel.rb:285:in `new'
    /usr/lib/ruby/1.8/mongrel.rb:285:in `run'
    /usr/lib/ruby/1.8/mongrel.rb:268:in `initialize'
    /usr/lib/ruby/1.8/mongrel.rb:268:in `new'
    /usr/lib/ruby/1.8/mongrel.rb:268:in `run'
    /usr/lib/ruby/1.8/mongrel/configurator.rb:282:in `run'
    /usr/lib/ruby/1.8/mongrel/configurator.rb:281:in `each'
    /usr/lib/ruby/1.8/mongrel/configurator.rb:281:in `run'
    /usr/lib/ruby/1.8/mongrel/command.rb:212:in `run'

Rendered rescues/_trace (33.6ms)
Rendered rescues/_request_and_response (0.3ms)
Rendering rescues/layout (internal_server_error)
  [4;36;1mSQL (0.1ms)[0m   [0;1mSET NAMES 'utf8'[0m
  [4;35;1mSQL (0.0ms)[0m   [0mSET SQL_AUTO_IS_NULL=0[0m
DEPRECATION WARNING: protect_from_forgery only takes :only and :except options now. :digest and :secret have no effect. (called from /home/administrator/code/windrunner/app/controllers/application_controller.rb:6)


Processing StoreController#add_to_cart (for 127.0.0.1 at 2011-10-21 13:18:00) [POST]
  Parameters: {"authenticity_token"=>"MPpQ2TqRT/LQ4A3GTaBkv4bymzb6T0vs2nqjRyDI/co=", "id"=>"1"}
  [4;36;1mProduct Columns (0.7ms)[0m   [0;1mSHOW FIELDS FROM `products`[0m
  [4;35;1mProduct Load (0.1ms)[0m   [0mSELECT * FROM `products` WHERE (`products`.`id` = 1) [0m
Rendering template within layouts/store
Rendering store/add_to_cart

ActionView::TemplateError (wrong number of arguments (0 for 1)) on line #14 of app/views/store/add_to_cart.html.erb:
11:     <tr>
12:       <td><%= item.quantity %>&times;</td>
13:       <td><%=h item.name %></td>
14:       <td class="item-price"><%= number_to_currency(item.price) %></td>
15:     </tr>
16:   <% end %>
17: 

    app/views/store/add_to_cart.html.erb:14:in `price'
    app/views/store/add_to_cart.html.erb:14
    app/views/store/add_to_cart.html.erb:10:in `each'
    app/views/store/add_to_cart.html.erb:10
    /usr/lib/ruby/1.8/mongrel/rails.rb:76:in `process'
    /usr/lib/ruby/1.8/mongrel/rails.rb:74:in `synchronize'
    /usr/lib/ruby/1.8/mongrel/rails.rb:74:in `process'
    /usr/lib/ruby/1.8/mongrel.rb:159:in `process_client'
    /usr/lib/ruby/1.8/mongrel.rb:158:in `each'
    /usr/lib/ruby/1.8/mongrel.rb:158:in `process_client'
    /usr/lib/ruby/1.8/mongrel.rb:285:in `run'
    /usr/lib/ruby/1.8/mongrel.rb:285:in `initialize'
    /usr/lib/ruby/1.8/mongrel.rb:285:in `new'
    /usr/lib/ruby/1.8/mongrel.rb:285:in `run'
    /usr/lib/ruby/1.8/mongrel.rb:268:in `initialize'
    /usr/lib/ruby/1.8/mongrel.rb:268:in `new'
    /usr/lib/ruby/1.8/mongrel.rb:268:in `run'
    /usr/lib/ruby/1.8/mongrel/configurator.rb:282:in `run'
    /usr/lib/ruby/1.8/mongrel/configurator.rb:281:in `each'
    /usr/lib/ruby/1.8/mongrel/configurator.rb:281:in `run'
    /usr/lib/ruby/1.8/mongrel/command.rb:212:in `run'

Rendered rescues/_trace (82.8ms)
Rendered rescues/_request_and_response (0.3ms)
Rendering rescues/layout (internal_server_error)
  [4;36;1mSQL (0.1ms)[0m   [0;1mSET NAMES 'utf8'[0m
  [4;35;1mSQL (0.4ms)[0m   [0mSET SQL_AUTO_IS_NULL=0[0m
DEPRECATION WARNING: protect_from_forgery only takes :only and :except options now. :digest and :secret have no effect. (called from /home/administrator/code/windrunner/app/controllers/application_controller.rb:6)


Processing StoreController#add_to_cart (for 127.0.0.1 at 2011-10-21 13:35:12) [POST]
  Parameters: {"authenticity_token"=>"MPpQ2TqRT/LQ4A3GTaBkv4bymzb6T0vs2nqjRyDI/co=", "id"=>"1"}
  [4;36;1mProduct Columns (0.6ms)[0m   [0;1mSHOW FIELDS FROM `products`[0m
  [4;35;1mProduct Load (0.1ms)[0m   [0mSELECT * FROM `products` WHERE (`products`.`id` = 1) [0m
Rendering template within layouts/store
Rendering store/add_to_cart

ActionView::TemplateError (wrong number of arguments (0 for 1)) on line #14 of app/views/store/add_to_cart.html.erb:
11:     <tr>
12:       <td><%= item.quantity %>&times;</td>
13:       <td><%=h item.name %></td>
14:       <td class="item-price"><%= number_to_currency(item.price) %></td>
15:     </tr>
16:   <% end %>
17: 

    app/views/store/add_to_cart.html.erb:14:in `price'
    app/views/store/add_to_cart.html.erb:14
    app/views/store/add_to_cart.html.erb:10:in `each'
    app/views/store/add_to_cart.html.erb:10
    /usr/lib/ruby/1.8/mongrel/rails.rb:76:in `process'
    /usr/lib/ruby/1.8/mongrel/rails.rb:74:in `synchronize'
    /usr/lib/ruby/1.8/mongrel/rails.rb:74:in `process'
    /usr/lib/ruby/1.8/mongrel.rb:159:in `process_client'
    /usr/lib/ruby/1.8/mongrel.rb:158:in `each'
    /usr/lib/ruby/1.8/mongrel.rb:158:in `process_client'
    /usr/lib/ruby/1.8/mongrel.rb:285:in `run'
    /usr/lib/ruby/1.8/mongrel.rb:285:in `initialize'
    /usr/lib/ruby/1.8/mongrel.rb:285:in `new'
    /usr/lib/ruby/1.8/mongrel.rb:285:in `run'
    /usr/lib/ruby/1.8/mongrel.rb:268:in `initialize'
    /usr/lib/ruby/1.8/mongrel.rb:268:in `new'
    /usr/lib/ruby/1.8/mongrel.rb:268:in `run'
    /usr/lib/ruby/1.8/mongrel/configurator.rb:282:in `run'
    /usr/lib/ruby/1.8/mongrel/configurator.rb:281:in `each'
    /usr/lib/ruby/1.8/mongrel/configurator.rb:281:in `run'
    /usr/lib/ruby/1.8/mongrel/command.rb:212:in `run'

Rendered rescues/_trace (34.2ms)
Rendered rescues/_request_and_response (0.3ms)
Rendering rescues/layout (internal_server_error)
  [4;36;1mSQL (0.1ms)[0m   [0;1mSET NAMES 'utf8'[0m
  [4;35;1mSQL (0.2ms)[0m   [0mSET SQL_AUTO_IS_NULL=0[0m
DEPRECATION WARNING: protect_from_forgery only takes :only and :except options now. :digest and :secret have no effect. (called from /home/administrator/code/windrunner/app/controllers/application_controller.rb:6)


Processing StoreController#add_to_cart (for 127.0.0.1 at 2011-10-21 13:35:15) [GET]
  Parameters: {"id"=>"2"}
  [4;36;1mProduct Columns (0.9ms)[0m   [0;1mSHOW FIELDS FROM `products`[0m
  [4;35;1mProduct Load (0.3ms)[0m   [0mSELECT * FROM `products` WHERE (`products`.`id` = 2) [0m
Rendering template within layouts/store
Rendering store/add_to_cart

ActionView::TemplateError (wrong number of arguments (0 for 1)) on line #14 of app/views/store/add_to_cart.html.erb:
11:     <tr>
12:       <td><%= item.quantity %>&times;</td>
13:       <td><%=h item.name %></td>
14:       <td class="item-price"><%= number_to_currency(item.price) %></td>
15:     </tr>
16:   <% end %>
17: 

    app/views/store/add_to_cart.html.erb:14:in `price'
    app/views/store/add_to_cart.html.erb:14
    app/views/store/add_to_cart.html.erb:10:in `each'
    app/views/store/add_to_cart.html.erb:10
    /usr/lib/ruby/1.8/mongrel/rails.rb:76:in `process'
    /usr/lib/ruby/1.8/mongrel/rails.rb:74:in `synchronize'
    /usr/lib/ruby/1.8/mongrel/rails.rb:74:in `process'
    /usr/lib/ruby/1.8/mongrel.rb:159:in `process_client'
    /usr/lib/ruby/1.8/mongrel.rb:158:in `each'
    /usr/lib/ruby/1.8/mongrel.rb:158:in `process_client'
    /usr/lib/ruby/1.8/mongrel.rb:285:in `run'
    /usr/lib/ruby/1.8/mongrel.rb:285:in `initialize'
    /usr/lib/ruby/1.8/mongrel.rb:285:in `new'
    /usr/lib/ruby/1.8/mongrel.rb:285:in `run'
    /usr/lib/ruby/1.8/mongrel.rb:268:in `initialize'
    /usr/lib/ruby/1.8/mongrel.rb:268:in `new'
    /usr/lib/ruby/1.8/mongrel.rb:268:in `run'
    /usr/lib/ruby/1.8/mongrel/configurator.rb:282:in `run'
    /usr/lib/ruby/1.8/mongrel/configurator.rb:281:in `each'
    /usr/lib/ruby/1.8/mongrel/configurator.rb:281:in `run'
    /usr/lib/ruby/1.8/mongrel/command.rb:212:in `run'

Rendered rescues/_trace (35.6ms)
Rendered rescues/_request_and_response (1.5ms)
Rendering rescues/layout (internal_server_error)
  [4;36;1mSQL (0.1ms)[0m   [0;1mSET NAMES 'utf8'[0m
  [4;35;1mSQL (0.1ms)[0m   [0mSET SQL_AUTO_IS_NULL=0[0m
DEPRECATION WARNING: protect_from_forgery only takes :only and :except options now. :digest and :secret have no effect. (called from /home/administrator/code/windrunner/app/controllers/application_controller.rb:6)


Processing StoreController#index (for 127.0.0.1 at 2011-10-21 13:35:25) [GET]
  [4;36;1mProduct Load (0.1ms)[0m   [0;1mSELECT * FROM `products` [0m
Rendering template within layouts/store
Rendering store/index
  [4;35;1mProduct Columns (0.7ms)[0m   [0mSHOW FIELDS FROM `products`[0m
Completed in 19ms (View: 14, DB: 1) | 200 OK [http://localhost/store/]
  [4;36;1mSQL (0.1ms)[0m   [0;1mSET NAMES 'utf8'[0m
  [4;35;1mSQL (0.1ms)[0m   [0mSET SQL_AUTO_IS_NULL=0[0m
  [4;36;1mSQL (35.7ms)[0m   [0;1mDELETE FROM sessions[0m
  [4;36;1mSQL (0.1ms)[0m   [0;1mSET NAMES 'utf8'[0m
  [4;35;1mSQL (0.1ms)[0m   [0mSET SQL_AUTO_IS_NULL=0[0m
DEPRECATION WARNING: protect_from_forgery only takes :only and :except options now. :digest and :secret have no effect. (called from /home/administrator/code/windrunner/app/controllers/application_controller.rb:6)


Processing StoreController#index (for 127.0.0.1 at 2011-10-21 13:36:02) [GET]
  [4;36;1mProduct Load (0.1ms)[0m   [0;1mSELECT * FROM `products` [0m
Rendering template within layouts/store
Rendering store/index
  [4;35;1mProduct Columns (0.7ms)[0m   [0mSHOW FIELDS FROM `products`[0m
Completed in 63ms (View: 59, DB: 1) | 200 OK [http://localhost/store/]
  [4;36;1mSQL (0.1ms)[0m   [0;1mSET NAMES 'utf8'[0m
  [4;35;1mSQL (0.1ms)[0m   [0mSET SQL_AUTO_IS_NULL=0[0m
DEPRECATION WARNING: protect_from_forgery only takes :only and :except options now. :digest and :secret have no effect. (called from /home/administrator/code/windrunner/app/controllers/application_controller.rb:6)


Processing StoreController#add_to_cart (for 127.0.0.1 at 2011-10-21 13:36:02) [POST]
  Parameters: {"authenticity_token"=>"JUJWY7asWmeTzulvZKgpNYmsfkSSupbOmn8BFtk5EeQ=", "id"=>"1"}
  [4;36;1mProduct Columns (0.6ms)[0m   [0;1mSHOW FIELDS FROM `products`[0m
  [4;35;1mProduct Load (0.1ms)[0m   [0mSELECT * FROM `products` WHERE (`products`.`id` = 1) [0m
Rendering template within layouts/store
Rendering store/add_to_cart

ActionView::TemplateError (wrong number of arguments (0 for 1)) on line #14 of app/views/store/add_to_cart.html.erb:
11:     <tr>
12:       <td><%= item.quantity %>&times;</td>
13:       <td><%=h item.name %></td>
14:       <td class="item-price"><%= number_to_currency(item.price) %></td>
15:     </tr>
16:   <% end %>
17: 

    app/views/store/add_to_cart.html.erb:14:in `price'
    app/views/store/add_to_cart.html.erb:14
    app/views/store/add_to_cart.html.erb:10:in `each'
    app/views/store/add_to_cart.html.erb:10
    /usr/lib/ruby/1.8/mongrel/rails.rb:76:in `process'
    /usr/lib/ruby/1.8/mongrel/rails.rb:74:in `synchronize'
    /usr/lib/ruby/1.8/mongrel/rails.rb:74:in `process'
    /usr/lib/ruby/1.8/mongrel.rb:159:in `process_client'
    /usr/lib/ruby/1.8/mongrel.rb:158:in `each'
    /usr/lib/ruby/1.8/mongrel.rb:158:in `process_client'
    /usr/lib/ruby/1.8/mongrel.rb:285:in `run'
    /usr/lib/ruby/1.8/mongrel.rb:285:in `initialize'
    /usr/lib/ruby/1.8/mongrel.rb:285:in `new'
    /usr/lib/ruby/1.8/mongrel.rb:285:in `run'
    /usr/lib/ruby/1.8/mongrel.rb:268:in `initialize'
    /usr/lib/ruby/1.8/mongrel.rb:268:in `new'
    /usr/lib/ruby/1.8/mongrel.rb:268:in `run'
    /usr/lib/ruby/1.8/mongrel/configurator.rb:282:in `run'
    /usr/lib/ruby/1.8/mongrel/configurator.rb:281:in `each'
    /usr/lib/ruby/1.8/mongrel/configurator.rb:281:in `run'
    /usr/lib/ruby/1.8/mongrel/command.rb:212:in `run'

Rendered rescues/_trace (31.7ms)
Rendered rescues/_request_and_response (0.3ms)
Rendering rescues/layout (internal_server_error)
  [4;36;1mSQL (0.1ms)[0m   [0;1mSET NAMES 'utf8'[0m
  [4;35;1mSQL (0.2ms)[0m   [0mSET SQL_AUTO_IS_NULL=0[0m
DEPRECATION WARNING: protect_from_forgery only takes :only and :except options now. :digest and :secret have no effect. (called from /home/administrator/code/windrunner/app/controllers/application_controller.rb:6)


Processing StoreController#add_to_cart (for 127.0.0.1 at 2011-10-21 13:36:23) [POST]
  Parameters: {"authenticity_token"=>"JUJWY7asWmeTzulvZKgpNYmsfkSSupbOmn8BFtk5EeQ=", "id"=>"1"}
  [4;36;1mProduct Columns (0.6ms)[0m   [0;1mSHOW FIELDS FROM `products`[0m
  [4;35;1mProduct Load (0.1ms)[0m   [0mSELECT * FROM `products` WHERE (`products`.`id` = 1) [0m
Rendering template within layouts/store
Rendering store/add_to_cart

ActionView::TemplateError (wrong number of arguments (0 for 1)) on line #14 of app/views/store/add_to_cart.html.erb:
11:     <tr>
12:       <td><%= item.quantity %>&times;</td>
13:       <td><%=h item.name %></td>
14:       <td class="item-price"><%= item.price %></td>
15:     </tr>
16:   <% end %>
17: 

    app/views/store/add_to_cart.html.erb:14:in `price'
    app/views/store/add_to_cart.html.erb:14
    app/views/store/add_to_cart.html.erb:10:in `each'
    app/views/store/add_to_cart.html.erb:10
    /usr/lib/ruby/1.8/mongrel/rails.rb:76:in `process'
    /usr/lib/ruby/1.8/mongrel/rails.rb:74:in `synchronize'
    /usr/lib/ruby/1.8/mongrel/rails.rb:74:in `process'
    /usr/lib/ruby/1.8/mongrel.rb:159:in `process_client'
    /usr/lib/ruby/1.8/mongrel.rb:158:in `each'
    /usr/lib/ruby/1.8/mongrel.rb:158:in `process_client'
    /usr/lib/ruby/1.8/mongrel.rb:285:in `run'
    /usr/lib/ruby/1.8/mongrel.rb:285:in `initialize'
    /usr/lib/ruby/1.8/mongrel.rb:285:in `new'
    /usr/lib/ruby/1.8/mongrel.rb:285:in `run'
    /usr/lib/ruby/1.8/mongrel.rb:268:in `initialize'
    /usr/lib/ruby/1.8/mongrel.rb:268:in `new'
    /usr/lib/ruby/1.8/mongrel.rb:268:in `run'
    /usr/lib/ruby/1.8/mongrel/configurator.rb:282:in `run'
    /usr/lib/ruby/1.8/mongrel/configurator.rb:281:in `each'
    /usr/lib/ruby/1.8/mongrel/configurator.rb:281:in `run'
    /usr/lib/ruby/1.8/mongrel/command.rb:212:in `run'

Rendered rescues/_trace (32.8ms)
Rendered rescues/_request_and_response (0.3ms)
Rendering rescues/layout (internal_server_error)
  [4;36;1mSQL (0.2ms)[0m   [0;1mSET NAMES 'utf8'[0m
  [4;35;1mSQL (0.4ms)[0m   [0mSET SQL_AUTO_IS_NULL=0[0m
DEPRECATION WARNING: protect_from_forgery only takes :only and :except options now. :digest and :secret have no effect. (called from /home/administrator/code/windrunner/app/controllers/application_controller.rb:6)


Processing StoreController#add_to_cart (for 127.0.0.1 at 2011-10-21 13:36:32) [POST]
  Parameters: {"authenticity_token"=>"JUJWY7asWmeTzulvZKgpNYmsfkSSupbOmn8BFtk5EeQ=", "id"=>"1"}
  [4;36;1mProduct Columns (0.6ms)[0m   [0;1mSHOW FIELDS FROM `products`[0m
  [4;35;1mProduct Load (0.1ms)[0m   [0mSELECT * FROM `products` WHERE (`products`.`id` = 1) [0m
Rendering template within layouts/store
Rendering store/add_to_cart

ActionView::TemplateError (wrong number of arguments (0 for 1)) on line #14 of app/views/store/add_to_cart.html.erb:
11:     <tr>
12:       <td><%= item.quantity %>&times;</td>
13:       <td><%=h item.name %></td>
14:       <td class="item-price"><%= item.price %></td>
15:     </tr>
16:   <% end %>
17: 

    app/views/store/add_to_cart.html.erb:14:in `price'
    app/views/store/add_to_cart.html.erb:14
    app/views/store/add_to_cart.html.erb:10:in `each'
    app/views/store/add_to_cart.html.erb:10
    /usr/lib/ruby/1.8/mongrel/rails.rb:76:in `process'
    /usr/lib/ruby/1.8/mongrel/rails.rb:74:in `synchronize'
    /usr/lib/ruby/1.8/mongrel/rails.rb:74:in `process'
    /usr/lib/ruby/1.8/mongrel.rb:159:in `process_client'
    /usr/lib/ruby/1.8/mongrel.rb:158:in `each'
    /usr/lib/ruby/1.8/mongrel.rb:158:in `process_client'
    /usr/lib/ruby/1.8/mongrel.rb:285:in `run'
    /usr/lib/ruby/1.8/mongrel.rb:285:in `initialize'
    /usr/lib/ruby/1.8/mongrel.rb:285:in `new'
    /usr/lib/ruby/1.8/mongrel.rb:285:in `run'
    /usr/lib/ruby/1.8/mongrel.rb:268:in `initialize'
    /usr/lib/ruby/1.8/mongrel.rb:268:in `new'
    /usr/lib/ruby/1.8/mongrel.rb:268:in `run'
    /usr/lib/ruby/1.8/mongrel/configurator.rb:282:in `run'
    /usr/lib/ruby/1.8/mongrel/configurator.rb:281:in `each'
    /usr/lib/ruby/1.8/mongrel/configurator.rb:281:in `run'
    /usr/lib/ruby/1.8/mongrel/command.rb:212:in `run'

Rendered rescues/_trace (85.6ms)
Rendered rescues/_request_and_response (0.8ms)
Rendering rescues/layout (internal_server_error)
  [4;36;1mSQL (0.1ms)[0m   [0;1mSET NAMES 'utf8'[0m
  [4;35;1mSQL (0.0ms)[0m   [0mSET SQL_AUTO_IS_NULL=0[0m
DEPRECATION WARNING: protect_from_forgery only takes :only and :except options now. :digest and :secret have no effect. (called from /home/administrator/code/windrunner/app/controllers/application_controller.rb:6)


Processing StoreController#add_to_cart (for 127.0.0.1 at 2011-10-21 13:36:46) [POST]
  Parameters: {"authenticity_token"=>"JUJWY7asWmeTzulvZKgpNYmsfkSSupbOmn8BFtk5EeQ=", "id"=>"1"}
  [4;36;1mProduct Columns (0.9ms)[0m   [0;1mSHOW FIELDS FROM `products`[0m
  [4;35;1mProduct Load (0.1ms)[0m   [0mSELECT * FROM `products` WHERE (`products`.`id` = 1) [0m
Rendering template within layouts/store
Rendering store/add_to_cart

ActionView::TemplateError (wrong number of arguments (0 for 1)) on line #14 of app/views/store/add_to_cart.html.erb:
11:     <tr>
12:       <td><%= item.quantity %>&times;</td>
13:       <td><%=h item.name %></td>
14:       <td><%= number_to_currency(item.price) %></td>
15:     </tr>
16:   <% end %>
17: 

    app/views/store/add_to_cart.html.erb:14:in `price'
    app/views/store/add_to_cart.html.erb:14
    app/views/store/add_to_cart.html.erb:10:in `each'
    app/views/store/add_to_cart.html.erb:10
    /usr/lib/ruby/1.8/mongrel/rails.rb:76:in `process'
    /usr/lib/ruby/1.8/mongrel/rails.rb:74:in `synchronize'
    /usr/lib/ruby/1.8/mongrel/rails.rb:74:in `process'
    /usr/lib/ruby/1.8/mongrel.rb:159:in `process_client'
    /usr/lib/ruby/1.8/mongrel.rb:158:in `each'
    /usr/lib/ruby/1.8/mongrel.rb:158:in `process_client'
    /usr/lib/ruby/1.8/mongrel.rb:285:in `run'
    /usr/lib/ruby/1.8/mongrel.rb:285:in `initialize'
    /usr/lib/ruby/1.8/mongrel.rb:285:in `new'
    /usr/lib/ruby/1.8/mongrel.rb:285:in `run'
    /usr/lib/ruby/1.8/mongrel.rb:268:in `initialize'
    /usr/lib/ruby/1.8/mongrel.rb:268:in `new'
    /usr/lib/ruby/1.8/mongrel.rb:268:in `run'
    /usr/lib/ruby/1.8/mongrel/configurator.rb:282:in `run'
    /usr/lib/ruby/1.8/mongrel/configurator.rb:281:in `each'
    /usr/lib/ruby/1.8/mongrel/configurator.rb:281:in `run'
    /usr/lib/ruby/1.8/mongrel/command.rb:212:in `run'

Rendered rescues/_trace (30.7ms)
Rendered rescues/_request_and_response (1.6ms)
Rendering rescues/layout (internal_server_error)
  [4;36;1mSQL (0.1ms)[0m   [0;1mSET NAMES 'utf8'[0m
  [4;35;1mSQL (0.2ms)[0m   [0mSET SQL_AUTO_IS_NULL=0[0m
DEPRECATION WARNING: protect_from_forgery only takes :only and :except options now. :digest and :secret have no effect. (called from /home/administrator/code/windrunner/app/controllers/application_controller.rb:6)


Processing StoreController#add_to_cart (for 127.0.0.1 at 2011-10-21 13:37:08) [POST]
  Parameters: {"authenticity_token"=>"JUJWY7asWmeTzulvZKgpNYmsfkSSupbOmn8BFtk5EeQ=", "id"=>"1"}
  [4;36;1mProduct Columns (0.7ms)[0m   [0;1mSHOW FIELDS FROM `products`[0m
  [4;35;1mProduct Load (0.1ms)[0m   [0mSELECT * FROM `products` WHERE (`products`.`id` = 1) [0m
Rendering template within layouts/store
Rendering store/add_to_cart

ActionView::TemplateError (wrong number of arguments (0 for 1)) on line #14 of app/views/store/add_to_cart.html.erb:
11:     <tr>
12:       <td><%= item.quantity %>&times;</td>
13:       <td><%=h item.name %></td>
14:       <td class="item-price"><% number_to_currency(item.price) %></td>
15:     </tr>
16:   <% end %>
17: 

    app/views/store/add_to_cart.html.erb:14:in `price'
    app/views/store/add_to_cart.html.erb:14
    app/views/store/add_to_cart.html.erb:10:in `each'
    app/views/store/add_to_cart.html.erb:10
    /usr/lib/ruby/1.8/mongrel/rails.rb:76:in `process'
    /usr/lib/ruby/1.8/mongrel/rails.rb:74:in `synchronize'
    /usr/lib/ruby/1.8/mongrel/rails.rb:74:in `process'
    /usr/lib/ruby/1.8/mongrel.rb:159:in `process_client'
    /usr/lib/ruby/1.8/mongrel.rb:158:in `each'
    /usr/lib/ruby/1.8/mongrel.rb:158:in `process_client'
    /usr/lib/ruby/1.8/mongrel.rb:285:in `run'
    /usr/lib/ruby/1.8/mongrel.rb:285:in `initialize'
    /usr/lib/ruby/1.8/mongrel.rb:285:in `new'
    /usr/lib/ruby/1.8/mongrel.rb:285:in `run'
    /usr/lib/ruby/1.8/mongrel.rb:268:in `initialize'
    /usr/lib/ruby/1.8/mongrel.rb:268:in `new'
    /usr/lib/ruby/1.8/mongrel.rb:268:in `run'
    /usr/lib/ruby/1.8/mongrel/configurator.rb:282:in `run'
    /usr/lib/ruby/1.8/mongrel/configurator.rb:281:in `each'
    /usr/lib/ruby/1.8/mongrel/configurator.rb:281:in `run'
    /usr/lib/ruby/1.8/mongrel/command.rb:212:in `run'

Rendered rescues/_trace (32.7ms)
Rendered rescues/_request_and_response (0.3ms)
Rendering rescues/layout (internal_server_error)
  [4;36;1mSQL (0.1ms)[0m   [0;1mSET NAMES 'utf8'[0m
  [4;35;1mSQL (0.2ms)[0m   [0mSET SQL_AUTO_IS_NULL=0[0m
DEPRECATION WARNING: protect_from_forgery only takes :only and :except options now. :digest and :secret have no effect. (called from /home/administrator/code/windrunner/app/controllers/application_controller.rb:6)


Processing StoreController#add_to_cart (for 127.0.0.1 at 2011-10-21 13:40:17) [POST]
  Parameters: {"authenticity_token"=>"JUJWY7asWmeTzulvZKgpNYmsfkSSupbOmn8BFtk5EeQ=", "id"=>"1"}
  [4;36;1mProduct Columns (0.8ms)[0m   [0;1mSHOW FIELDS FROM `products`[0m
  [4;35;1mProduct Load (0.1ms)[0m   [0mSELECT * FROM `products` WHERE (`products`.`id` = 1) [0m
Rendering template within layouts/store
Rendering store/add_to_cart

ActionView::TemplateError (wrong number of arguments (0 for 1)) on line #14 of app/views/store/add_to_cart.html.erb:
11:     <tr>
12:       <td><%= item.quantity %>&times;</td>
13:       <td><%=h item.name %></td>
14:       <td class="item-price"><%= item.price %></td>
15:     </tr>
16:   <% end %>
17: 

    app/views/store/add_to_cart.html.erb:14:in `price'
    app/views/store/add_to_cart.html.erb:14
    app/views/store/add_to_cart.html.erb:10:in `each'
    app/views/store/add_to_cart.html.erb:10
    /usr/lib/ruby/1.8/mongrel/rails.rb:76:in `process'
    /usr/lib/ruby/1.8/mongrel/rails.rb:74:in `synchronize'
    /usr/lib/ruby/1.8/mongrel/rails.rb:74:in `process'
    /usr/lib/ruby/1.8/mongrel.rb:159:in `process_client'
    /usr/lib/ruby/1.8/mongrel.rb:158:in `each'
    /usr/lib/ruby/1.8/mongrel.rb:158:in `process_client'
    /usr/lib/ruby/1.8/mongrel.rb:285:in `run'
    /usr/lib/ruby/1.8/mongrel.rb:285:in `initialize'
    /usr/lib/ruby/1.8/mongrel.rb:285:in `new'
    /usr/lib/ruby/1.8/mongrel.rb:285:in `run'
    /usr/lib/ruby/1.8/mongrel.rb:268:in `initialize'
    /usr/lib/ruby/1.8/mongrel.rb:268:in `new'
    /usr/lib/ruby/1.8/mongrel.rb:268:in `run'
    /usr/lib/ruby/1.8/mongrel/configurator.rb:282:in `run'
    /usr/lib/ruby/1.8/mongrel/configurator.rb:281:in `each'
    /usr/lib/ruby/1.8/mongrel/configurator.rb:281:in `run'
    /usr/lib/ruby/1.8/mongrel/command.rb:212:in `run'

Rendered rescues/_trace (33.7ms)
Rendered rescues/_request_and_response (0.3ms)
Rendering rescues/layout (internal_server_error)
  [4;36;1mSQL (0.1ms)[0m   [0;1mSET NAMES 'utf8'[0m
  [4;35;1mSQL (0.1ms)[0m   [0mSET SQL_AUTO_IS_NULL=0[0m
DEPRECATION WARNING: protect_from_forgery only takes :only and :except options now. :digest and :secret have no effect. (called from /home/administrator/code/windrunner/app/controllers/application_controller.rb:6)


Processing StoreController#add_to_cart (for 127.0.0.1 at 2011-10-21 13:40:55) [POST]
  Parameters: {"authenticity_token"=>"JUJWY7asWmeTzulvZKgpNYmsfkSSupbOmn8BFtk5EeQ=", "id"=>"1"}
  [4;36;1mProduct Columns (0.7ms)[0m   [0;1mSHOW FIELDS FROM `products`[0m
  [4;35;1mProduct Load (0.1ms)[0m   [0mSELECT * FROM `products` WHERE (`products`.`id` = 1) [0m
Rendering template within layouts/store
Rendering store/add_to_cart

ActionView::TemplateError (wrong number of arguments (0 for 1)) on line #20 of app/views/store/add_to_cart.html.erb:
17: 
18:   <tr clas="total-line">
19:     <td colspan="2">Total</td>
20:     <td class="total-cell"><%= number_to_currency(@cart.total_price) %></td>
21:   </tr>
22: </table>
23: 

    app/models/cart.rb:37:in `price'
    app/models/cart.rb:37:in `total_price'
    app/models/cart.rb:37:in `total_price'
    app/views/store/add_to_cart.html.erb:20
    /usr/lib/ruby/1.8/mongrel/rails.rb:76:in `process'
    /usr/lib/ruby/1.8/mongrel/rails.rb:74:in `synchronize'
    /usr/lib/ruby/1.8/mongrel/rails.rb:74:in `process'
    /usr/lib/ruby/1.8/mongrel.rb:159:in `process_client'
    /usr/lib/ruby/1.8/mongrel.rb:158:in `each'
    /usr/lib/ruby/1.8/mongrel.rb:158:in `process_client'
    /usr/lib/ruby/1.8/mongrel.rb:285:in `run'
    /usr/lib/ruby/1.8/mongrel.rb:285:in `initialize'
    /usr/lib/ruby/1.8/mongrel.rb:285:in `new'
    /usr/lib/ruby/1.8/mongrel.rb:285:in `run'
    /usr/lib/ruby/1.8/mongrel.rb:268:in `initialize'
    /usr/lib/ruby/1.8/mongrel.rb:268:in `new'
    /usr/lib/ruby/1.8/mongrel.rb:268:in `run'
    /usr/lib/ruby/1.8/mongrel/configurator.rb:282:in `run'
    /usr/lib/ruby/1.8/mongrel/configurator.rb:281:in `each'
    /usr/lib/ruby/1.8/mongrel/configurator.rb:281:in `run'
    /usr/lib/ruby/1.8/mongrel/command.rb:212:in `run'

Rendered rescues/_trace (79.9ms)
Rendered rescues/_request_and_response (0.3ms)
Rendering rescues/layout (internal_server_error)
  [4;36;1mSQL (0.1ms)[0m   [0;1mSET NAMES 'utf8'[0m
  [4;35;1mSQL (0.2ms)[0m   [0mSET SQL_AUTO_IS_NULL=0[0m
DEPRECATION WARNING: protect_from_forgery only takes :only and :except options now. :digest and :secret have no effect. (called from /home/administrator/code/windrunner/app/controllers/application_controller.rb:6)


Processing StoreController#add_to_cart (for 127.0.0.1 at 2011-10-21 13:41:10) [POST]
  Parameters: {"authenticity_token"=>"JUJWY7asWmeTzulvZKgpNYmsfkSSupbOmn8BFtk5EeQ=", "id"=>"1"}
  [4;36;1mProduct Columns (0.8ms)[0m   [0;1mSHOW FIELDS FROM `products`[0m
  [4;35;1mProduct Load (0.1ms)[0m   [0mSELECT * FROM `products` WHERE (`products`.`id` = 1) [0m
Rendering template within layouts/store
Rendering store/add_to_cart

ActionView::TemplateError (wrong number of arguments (1 for 0)) on line #20 of app/views/store/add_to_cart.html.erb:
17: 
18:   <tr clas="total-line">
19:     <td colspan="2">Total</td>
20:     <td class="total-cell"><%= number_to_currency(@cart.total_price(1)) %></td>
21:   </tr>
22: </table>
23: 

    app/views/store/add_to_cart.html.erb:20:in `total_price'
    app/views/store/add_to_cart.html.erb:20
    /usr/lib/ruby/1.8/mongrel/rails.rb:76:in `process'
    /usr/lib/ruby/1.8/mongrel/rails.rb:74:in `synchronize'
    /usr/lib/ruby/1.8/mongrel/rails.rb:74:in `process'
    /usr/lib/ruby/1.8/mongrel.rb:159:in `process_client'
    /usr/lib/ruby/1.8/mongrel.rb:158:in `each'
    /usr/lib/ruby/1.8/mongrel.rb:158:in `process_client'
    /usr/lib/ruby/1.8/mongrel.rb:285:in `run'
    /usr/lib/ruby/1.8/mongrel.rb:285:in `initialize'
    /usr/lib/ruby/1.8/mongrel.rb:285:in `new'
    /usr/lib/ruby/1.8/mongrel.rb:285:in `run'
    /usr/lib/ruby/1.8/mongrel.rb:268:in `initialize'
    /usr/lib/ruby/1.8/mongrel.rb:268:in `new'
    /usr/lib/ruby/1.8/mongrel.rb:268:in `run'
    /usr/lib/ruby/1.8/mongrel/configurator.rb:282:in `run'
    /usr/lib/ruby/1.8/mongrel/configurator.rb:281:in `each'
    /usr/lib/ruby/1.8/mongrel/configurator.rb:281:in `run'
    /usr/lib/ruby/1.8/mongrel/command.rb:212:in `run'

Rendered rescues/_trace (34.7ms)
Rendered rescues/_request_and_response (0.4ms)
Rendering rescues/layout (internal_server_error)
  [4;36;1mSQL (0.1ms)[0m   [0;1mSET NAMES 'utf8'[0m
  [4;35;1mSQL (0.2ms)[0m   [0mSET SQL_AUTO_IS_NULL=0[0m
DEPRECATION WARNING: protect_from_forgery only takes :only and :except options now. :digest and :secret have no effect. (called from /home/administrator/code/windrunner/app/controllers/application_controller.rb:6)


Processing StoreController#add_to_cart (for 127.0.0.1 at 2011-10-21 13:42:36) [POST]
  Parameters: {"authenticity_token"=>"JUJWY7asWmeTzulvZKgpNYmsfkSSupbOmn8BFtk5EeQ=", "id"=>"1"}
  [4;36;1mProduct Columns (0.8ms)[0m   [0;1mSHOW FIELDS FROM `products`[0m
  [4;35;1mProduct Load (0.1ms)[0m   [0mSELECT * FROM `products` WHERE (`products`.`id` = 1) [0m
Rendering template within layouts/store
Rendering store/add_to_cart
Completed in 25ms (View: 11, DB: 2) | 200 OK [http://localhost/store/add_to_cart/1]
  [4;36;1mSQL (0.1ms)[0m   [0;1mSET NAMES 'utf8'[0m
  [4;35;1mSQL (0.1ms)[0m   [0mSET SQL_AUTO_IS_NULL=0[0m
  [4;36;1mSQL (0.2ms)[0m   [0;1mSHOW TABLES[0m
  [4;35;1mSQL (0.1ms)[0m   [0mSELECT version FROM schema_migrations[0m
  [4;36;1mSQL (0.1ms)[0m   [0;1mSHOW TABLES[0m
  [4;35;1mSQL (0.0ms)[0m   [0mSELECT version FROM schema_migrations[0m
Migrating to CreateSessions (20111021043644)
  [4;36;1mSQL (47.0ms)[0m   [0;1mDROP TABLE `sessions`[0m
  [4;35;1mSQL (41.2ms)[0m   [0mDELETE FROM schema_migrations WHERE version = '20111021043644'[0m
  [4;36;1mSQL (0.2ms)[0m   [0;1mSHOW TABLES[0m
  [4;35;1mSQL (0.1ms)[0m   [0mSELECT version FROM schema_migrations[0m
  [4;36;1mSQL (0.1ms)[0m   [0;1mSHOW TABLES[0m
  [4;35;1mSQL (0.5ms)[0m   [0mSHOW FIELDS FROM `products`[0m
  [4;36;1mSQL (0.5ms)[0m   [0;1mdescribe `products`[0m
  [4;35;1mSQL (0.3ms)[0m   [0mSHOW KEYS FROM `products`[0m
  [4;36;1mSQL (0.1ms)[0m   [0;1mSET NAMES 'utf8'[0m
  [4;35;1mSQL (0.1ms)[0m   [0mSET SQL_AUTO_IS_NULL=0[0m
  [4;36;1mSQL (0.2ms)[0m   [0;1mSHOW TABLES[0m
  [4;35;1mSQL (0.1ms)[0m   [0mSELECT version FROM schema_migrations[0m
  [4;36;1mSQL (0.2ms)[0m   [0;1mSHOW TABLES[0m
  [4;35;1mSQL (0.1ms)[0m   [0mSELECT version FROM schema_migrations[0m
Migrating to CreateProducts (20111020132232)
  [4;36;1mSQL (76.8ms)[0m   [0;1mDROP TABLE `products`[0m
  [4;35;1mSQL (58.0ms)[0m   [0mDELETE FROM schema_migrations WHERE version = '20111020132232'[0m
  [4;36;1mSQL (0.2ms)[0m   [0;1mSHOW TABLES[0m
  [4;35;1mSQL (0.1ms)[0m   [0mSELECT version FROM schema_migrations[0m
  [4;36;1mSQL (0.1ms)[0m   [0;1mSHOW TABLES[0m
  [4;36;1mSQL (0.1ms)[0m   [0;1mSET NAMES 'utf8'[0m
  [4;35;1mSQL (0.1ms)[0m   [0mSET SQL_AUTO_IS_NULL=0[0m
  [4;36;1mSQL (0.2ms)[0m   [0;1mSHOW TABLES[0m
  [4;35;1mSQL (0.1ms)[0m   [0mSELECT version FROM schema_migrations[0m
Migrating to CreateProducts (20111020132232)
  [4;36;1mSQL (83.4ms)[0m   [0;1mCREATE TABLE `products` (`id` int(11) DEFAULT NULL auto_increment PRIMARY KEY, `name` varchar(255), `unique` varchar(255), `description` text, `image_url` varchar(255) DEFAULT 'No image', `cost` float DEFAULT 0.0, `price` float DEFAULT 0.0, `special_price` float DEFAULT 0.0, `member_price` float DEFAULT 0.0, `status` varchar(255) DEFAULT 'active', `quantity` int(11) DEFAULT 0, `category_id` int(11), `created_at` datetime, `updated_at` datetime) ENGINE=InnoDB[0m
  [4;35;1mProduct Columns (0.7ms)[0m   [0mSHOW FIELDS FROM `products`[0m
  [4;36;1mSQL (0.1ms)[0m   [0;1mBEGIN[0m
  [4;35;1mProduct Load (0.2ms)[0m   [0mSELECT `products`.id FROM `products` WHERE (`products`.`name` = BINARY 'Laptop') LIMIT 1[0m
  [4;36;1mProduct Create (0.2ms)[0m   [0;1mINSERT INTO `products` (`name`, `price`, `created_at`, `image_url`, `cost`, `quantity`, `updated_at`, `special_price`, `category_id`, `unique`, `description`, `member_price`, `status`) VALUES('Laptop', 0.0, '2011-10-21 06:47:38', '../images/products/1.jpg', 0.0, 0, '2011-10-21 06:47:38', 0.0, 1, NULL, 'Portable PC', 0.0, 'active')[0m
  [4;35;1mSQL (23.9ms)[0m   [0mCOMMIT[0m
  [4;36;1mSQL (0.0ms)[0m   [0;1mBEGIN[0m
  [4;35;1mProduct Load (0.2ms)[0m   [0mSELECT `products`.id FROM `products` WHERE (`products`.`name` = BINARY 'Desktop') LIMIT 1[0m
  [4;36;1mProduct Create (0.2ms)[0m   [0;1mINSERT INTO `products` (`name`, `price`, `created_at`, `image_url`, `cost`, `quantity`, `updated_at`, `special_price`, `category_id`, `unique`, `description`, `member_price`, `status`) VALUES('Desktop', 0.0, '2011-10-21 06:47:38', '../images/products/2.gif', 0.0, 0, '2011-10-21 06:47:38', 0.0, 1, NULL, 'Traditional PC', 0.0, 'active')[0m
  [4;35;1mSQL (30.6ms)[0m   [0mCOMMIT[0m
  [4;36;1mSQL (0.1ms)[0m   [0;1mBEGIN[0m
  [4;35;1mProduct Load (0.2ms)[0m   [0mSELECT `products`.id FROM `products` WHERE (`products`.`name` = BINARY 'Netbook') LIMIT 1[0m
  [4;36;1mProduct Create (0.2ms)[0m   [0;1mINSERT INTO `products` (`name`, `price`, `created_at`, `image_url`, `cost`, `quantity`, `updated_at`, `special_price`, `category_id`, `unique`, `description`, `member_price`, `status`) VALUES('Netbook', 0.0, '2011-10-21 06:47:38', '../images/products/3.jpg', 0.0, 0, '2011-10-21 06:47:38', 0.0, 1, NULL, 'Utra-Portable PC', 0.0, 'active')[0m
  [4;35;1mSQL (30.0ms)[0m   [0mCOMMIT[0m
  [4;36;1mSQL (0.1ms)[0m   [0;1mBEGIN[0m
  [4;35;1mProduct Load (0.2ms)[0m   [0mSELECT `products`.id FROM `products` WHERE (`products`.`name` = BINARY 'Tablet') LIMIT 1[0m
  [4;36;1mProduct Create (0.2ms)[0m   [0;1mINSERT INTO `products` (`name`, `price`, `created_at`, `image_url`, `cost`, `quantity`, `updated_at`, `special_price`, `category_id`, `unique`, `description`, `member_price`, `status`) VALUES('Tablet', 0.0, '2011-10-21 06:47:38', '../images/products/4.gif', 0.0, 0, '2011-10-21 06:47:38', 0.0, 1, NULL, 'Portable PC with touch screen', 0.0, 'active')[0m
  [4;35;1mSQL (30.7ms)[0m   [0mCOMMIT[0m
  [4;36;1mSQL (0.1ms)[0m   [0;1mBEGIN[0m
  [4;35;1mProduct Load (0.2ms)[0m   [0mSELECT `products`.id FROM `products` WHERE (`products`.`name` = BINARY 'All-in-one PC') LIMIT 1[0m
  [4;36;1mProduct Create (0.2ms)[0m   [0;1mINSERT INTO `products` (`name`, `price`, `created_at`, `image_url`, `cost`, `quantity`, `updated_at`, `special_price`, `category_id`, `unique`, `description`, `member_price`, `status`) VALUES('All-in-one PC', 0.0, '2011-10-21 06:47:38', '../images/products/5.gif', 0.0, 0, '2011-10-21 06:47:38', 0.0, 1, NULL, 'One block PC', 0.0, 'active')[0m
  [4;35;1mSQL (30.7ms)[0m   [0mCOMMIT[0m
  [4;36;1mSQL (32.8ms)[0m   [0;1mINSERT INTO schema_migrations (version) VALUES ('20111020132232')[0m
Migrating to CreateSessions (20111021043644)
  [4;35;1mSQL (74.8ms)[0m   [0mCREATE TABLE `sessions` (`id` int(11) DEFAULT NULL auto_increment PRIMARY KEY, `session_id` varchar(255) NOT NULL, `data` text, `created_at` datetime, `updated_at` datetime) ENGINE=InnoDB[0m
  [4;36;1mSQL (183.1ms)[0m   [0;1mCREATE INDEX `index_sessions_on_session_id` ON `sessions` (`session_id`)[0m
  [4;35;1mSQL (191.4ms)[0m   [0mCREATE INDEX `index_sessions_on_updated_at` ON `sessions` (`updated_at`)[0m
  [4;36;1mSQL (32.8ms)[0m   [0;1mINSERT INTO schema_migrations (version) VALUES ('20111021043644')[0m
  [4;35;1mSQL (0.3ms)[0m   [0mSHOW TABLES[0m
  [4;36;1mSQL (0.1ms)[0m   [0;1mSELECT version FROM schema_migrations[0m
  [4;35;1mSQL (0.1ms)[0m   [0mSHOW TABLES[0m
  [4;36;1mSQL (0.5ms)[0m   [0;1mSHOW FIELDS FROM `products`[0m
  [4;35;1mSQL (0.7ms)[0m   [0mdescribe `products`[0m
  [4;36;1mSQL (0.2ms)[0m   [0;1mSHOW KEYS FROM `products`[0m
  [4;35;1mSQL (0.4ms)[0m   [0mSHOW FIELDS FROM `sessions`[0m
  [4;36;1mSQL (0.3ms)[0m   [0;1mdescribe `sessions`[0m
  [4;35;1mSQL (0.2ms)[0m   [0mSHOW KEYS FROM `sessions`[0m
  [4;36;1mSQL (0.1ms)[0m   [0;1mSET NAMES 'utf8'[0m
  [4;35;1mSQL (0.1ms)[0m   [0mSET SQL_AUTO_IS_NULL=0[0m
  [4;36;1mSQL (0.1ms)[0m   [0;1mDELETE FROM sessions[0m
  [4;36;1mSQL (0.2ms)[0m   [0;1mSET NAMES 'utf8'[0m
  [4;35;1mSQL (0.1ms)[0m   [0mSET SQL_AUTO_IS_NULL=0[0m
DEPRECATION WARNING: protect_from_forgery only takes :only and :except options now. :digest and :secret have no effect. (called from /home/administrator/code/windrunner/app/controllers/application_controller.rb:6)


Processing PagesController#home (for 127.0.0.1 at 2011-10-21 13:48:00) [GET]
Rendering template within layouts/pages
Rendering pages/home
Completed in 21ms (View: 20, DB: 0) | 200 OK [http://localhost/]
  [4;36;1mSQL (0.1ms)[0m   [0;1mSET NAMES 'utf8'[0m
  [4;35;1mSQL (0.1ms)[0m   [0mSET SQL_AUTO_IS_NULL=0[0m
DEPRECATION WARNING: protect_from_forgery only takes :only and :except options now. :digest and :secret have no effect. (called from /home/administrator/code/windrunner/app/controllers/application_controller.rb:6)


Processing ProductsController#index (for 127.0.0.1 at 2011-10-21 13:48:03) [GET]
  [4;36;1mProduct Load (0.4ms)[0m   [0;1mSELECT * FROM `products` [0m
  [4;35;1mProduct Columns (0.8ms)[0m   [0mSHOW FIELDS FROM `products`[0m
  [4;36;1mCACHE (0.0ms)[0m   [0;1mSELECT * FROM `products` [0m
Rendering template within layouts/products
Rendering products/index
Completed in 90ms (View: 80, DB: 2) | 200 OK [http://localhost/products]
  [4;35;1mSQL (0.1ms)[0m   [0mSET NAMES 'utf8'[0m
  [4;36;1mSQL (0.1ms)[0m   [0;1mSET SQL_AUTO_IS_NULL=0[0m
DEPRECATION WARNING: protect_from_forgery only takes :only and :except options now. :digest and :secret have no effect. (called from /home/administrator/code/windrunner/app/controllers/application_controller.rb:6)


Processing ProductsController#show (for 127.0.0.1 at 2011-10-21 13:48:05) [GET]
  Parameters: {"id"=>"1"}
  [4;35;1mProduct Load (0.1ms)[0m   [0mSELECT * FROM `products` [0m
  [4;36;1mProduct Columns (0.7ms)[0m   [0;1mSHOW FIELDS FROM `products`[0m
  [4;35;1mProduct Load (0.3ms)[0m   [0mSELECT * FROM `products` WHERE (`products`.`id` = 1) [0m
Rendering template within layouts/products
Rendering products/show
Completed in 18ms (View: 10, DB: 1) | 200 OK [http://localhost/products/1]
  [4;36;1mSQL (0.1ms)[0m   [0;1mSET NAMES 'utf8'[0m
  [4;35;1mSQL (0.2ms)[0m   [0mSET SQL_AUTO_IS_NULL=0[0m
DEPRECATION WARNING: protect_from_forgery only takes :only and :except options now. :digest and :secret have no effect. (called from /home/administrator/code/windrunner/app/controllers/application_controller.rb:6)


Processing ProductsController#index (for 127.0.0.1 at 2011-10-21 13:48:07) [GET]
  [4;36;1mProduct Load (0.1ms)[0m   [0;1mSELECT * FROM `products` [0m
  [4;35;1mProduct Columns (0.6ms)[0m   [0mSHOW FIELDS FROM `products`[0m
  [4;36;1mCACHE (0.0ms)[0m   [0;1mSELECT * FROM `products` [0m
Rendering template within layouts/products
Rendering products/index
Completed in 29ms (View: 21, DB: 1) | 200 OK [http://localhost/products]
  [4;35;1mSQL (0.1ms)[0m   [0mSET NAMES 'utf8'[0m
  [4;36;1mSQL (0.2ms)[0m   [0;1mSET SQL_AUTO_IS_NULL=0[0m
DEPRECATION WARNING: protect_from_forgery only takes :only and :except options now. :digest and :secret have no effect. (called from /home/administrator/code/windrunner/app/controllers/application_controller.rb:6)


Processing ProductsController#index (for 127.0.0.1 at 2011-10-21 13:48:09) [GET]
  [4;35;1mProduct Load (0.1ms)[0m   [0mSELECT * FROM `products` [0m
  [4;36;1mProduct Columns (0.8ms)[0m   [0;1mSHOW FIELDS FROM `products`[0m
  [4;35;1mCACHE (0.0ms)[0m   [0mSELECT * FROM `products` [0m
Rendering template within layouts/products
Rendering products/index
Completed in 70ms (View: 61, DB: 1) | 200 OK [http://localhost/products]
  [4;36;1mSQL (0.1ms)[0m   [0;1mSET NAMES 'utf8'[0m
  [4;35;1mSQL (0.2ms)[0m   [0mSET SQL_AUTO_IS_NULL=0[0m
DEPRECATION WARNING: protect_from_forgery only takes :only and :except options now. :digest and :secret have no effect. (called from /home/administrator/code/windrunner/app/controllers/application_controller.rb:6)


Processing StoreController#index (for 127.0.0.1 at 2011-10-21 13:48:09) [GET]
  [4;36;1mProduct Load (0.1ms)[0m   [0;1mSELECT * FROM `products` [0m
Rendering template within layouts/store
Rendering store/index
  [4;35;1mProduct Columns (0.7ms)[0m   [0mSHOW FIELDS FROM `products`[0m
Completed in 28ms (View: 22, DB: 1) | 200 OK [http://localhost/store]
  [4;36;1mSQL (0.1ms)[0m   [0;1mSET NAMES 'utf8'[0m
  [4;35;1mSQL (0.2ms)[0m   [0mSET SQL_AUTO_IS_NULL=0[0m
DEPRECATION WARNING: protect_from_forgery only takes :only and :except options now. :digest and :secret have no effect. (called from /home/administrator/code/windrunner/app/controllers/application_controller.rb:6)


Processing StoreController#add_to_cart (for 127.0.0.1 at 2011-10-21 13:48:10) [POST]
  Parameters: {"authenticity_token"=>"JF5LAN8kzVqAS9vV6cLwO+afrrP3qWbJJrsf8umDBec=", "id"=>"1"}
  [4;36;1mProduct Columns (0.8ms)[0m   [0;1mSHOW FIELDS FROM `products`[0m
  [4;35;1mProduct Load (0.1ms)[0m   [0mSELECT * FROM `products` WHERE (`products`.`id` = 1) [0m
Rendering template within layouts/store
Rendering store/add_to_cart

ActionView::TemplateError (undefined method `cost' for #<CartItem:0xb6b833d0>) on line #14 of app/views/store/add_to_cart.html.erb:
11:     <tr>
12:       <td><%= item.quantity %>&times;</td>
13:       <td><%=h item.name %></td>
14:       <td class="item-price"><%= number_to_currency(item.cost) %></td>
15:     </tr>
16:   <% end %>
17: 

    app/views/store/add_to_cart.html.erb:14
    app/views/store/add_to_cart.html.erb:10:in `each'
    app/views/store/add_to_cart.html.erb:10
    /usr/lib/ruby/1.8/mongrel/rails.rb:76:in `process'
    /usr/lib/ruby/1.8/mongrel/rails.rb:74:in `synchronize'
    /usr/lib/ruby/1.8/mongrel/rails.rb:74:in `process'
    /usr/lib/ruby/1.8/mongrel.rb:159:in `process_client'
    /usr/lib/ruby/1.8/mongrel.rb:158:in `each'
    /usr/lib/ruby/1.8/mongrel.rb:158:in `process_client'
    /usr/lib/ruby/1.8/mongrel.rb:285:in `run'
    /usr/lib/ruby/1.8/mongrel.rb:285:in `initialize'
    /usr/lib/ruby/1.8/mongrel.rb:285:in `new'
    /usr/lib/ruby/1.8/mongrel.rb:285:in `run'
    /usr/lib/ruby/1.8/mongrel.rb:268:in `initialize'
    /usr/lib/ruby/1.8/mongrel.rb:268:in `new'
    /usr/lib/ruby/1.8/mongrel.rb:268:in `run'
    /usr/lib/ruby/1.8/mongrel/configurator.rb:282:in `run'
    /usr/lib/ruby/1.8/mongrel/configurator.rb:281:in `each'
    /usr/lib/ruby/1.8/mongrel/configurator.rb:281:in `run'
    /usr/lib/ruby/1.8/mongrel/command.rb:212:in `run'

Rendered rescues/_trace (77.2ms)
Rendered rescues/_request_and_response (1.1ms)
Rendering rescues/layout (internal_server_error)
  [4;36;1mSQL (0.1ms)[0m   [0;1mSET NAMES 'utf8'[0m
  [4;35;1mSQL (0.3ms)[0m   [0mSET SQL_AUTO_IS_NULL=0[0m
DEPRECATION WARNING: protect_from_forgery only takes :only and :except options now. :digest and :secret have no effect. (called from /home/administrator/code/windrunner/app/controllers/application_controller.rb:6)


Processing StoreController#add_to_cart (for 127.0.0.1 at 2011-10-21 13:48:38) [POST]
  Parameters: {"authenticity_token"=>"JF5LAN8kzVqAS9vV6cLwO+afrrP3qWbJJrsf8umDBec=", "id"=>"1"}
  [4;36;1mProduct Columns (0.9ms)[0m   [0;1mSHOW FIELDS FROM `products`[0m
  [4;35;1mProduct Load (0.1ms)[0m   [0mSELECT * FROM `products` WHERE (`products`.`id` = 1) [0m
Rendering template within layouts/store
Rendering store/add_to_cart
  [4;36;1mSQL (0.1ms)[0m   [0;1mBEGIN[0m
  [4;35;1mProduct Load (0.3ms)[0m   [0mSELECT `products`.id FROM `products` WHERE (`products`.`name` = BINARY 'Laptop' AND `products`.id <> 1) LIMIT 1[0m
  [4;36;1mSQL (0.1ms)[0m   [0;1mCOMMIT[0m
Completed in 21ms (View: 9, DB: 2) | 200 OK [http://localhost/store/add_to_cart/1]
  [4;36;1mSQL (0.1ms)[0m   [0;1mSET NAMES 'utf8'[0m
  [4;35;1mSQL (0.1ms)[0m   [0mSET SQL_AUTO_IS_NULL=0[0m
  [4;36;1mSQL (0.2ms)[0m   [0;1mSHOW TABLES[0m
  [4;35;1mSQL (0.1ms)[0m   [0mSELECT version FROM schema_migrations[0m
  [4;36;1mSQL (0.1ms)[0m   [0;1mSHOW TABLES[0m
  [4;35;1mSQL (0.0ms)[0m   [0mSELECT version FROM schema_migrations[0m
Migrating to CreateSessions (20111021043644)
  [4;36;1mSQL (33.4ms)[0m   [0;1mDROP TABLE `sessions`[0m
  [4;35;1mSQL (41.2ms)[0m   [0mDELETE FROM schema_migrations WHERE version = '20111021043644'[0m
  [4;36;1mSQL (0.2ms)[0m   [0;1mSHOW TABLES[0m
  [4;35;1mSQL (0.1ms)[0m   [0mSELECT version FROM schema_migrations[0m
  [4;36;1mSQL (0.1ms)[0m   [0;1mSHOW TABLES[0m
  [4;35;1mSQL (0.5ms)[0m   [0mSHOW FIELDS FROM `products`[0m
  [4;36;1mSQL (0.5ms)[0m   [0;1mdescribe `products`[0m
  [4;35;1mSQL (0.2ms)[0m   [0mSHOW KEYS FROM `products`[0m
  [4;36;1mSQL (0.1ms)[0m   [0;1mSET NAMES 'utf8'[0m
  [4;35;1mSQL (0.1ms)[0m   [0mSET SQL_AUTO_IS_NULL=0[0m
  [4;36;1mSQL (0.3ms)[0m   [0;1mSHOW TABLES[0m
  [4;35;1mSQL (0.1ms)[0m   [0mSELECT version FROM schema_migrations[0m
  [4;36;1mSQL (0.1ms)[0m   [0;1mSHOW TABLES[0m
  [4;35;1mSQL (0.0ms)[0m   [0mSELECT version FROM schema_migrations[0m
Migrating to CreateProducts (20111020132232)
  [4;36;1mSQL (47.5ms)[0m   [0;1mDROP TABLE `products`[0m
  [4;35;1mSQL (57.8ms)[0m   [0mDELETE FROM schema_migrations WHERE version = '20111020132232'[0m
  [4;36;1mSQL (0.3ms)[0m   [0;1mSHOW TABLES[0m
  [4;35;1mSQL (0.2ms)[0m   [0mSELECT version FROM schema_migrations[0m
  [4;36;1mSQL (0.2ms)[0m   [0;1mSHOW TABLES[0m
  [4;36;1mSQL (0.1ms)[0m   [0;1mSET NAMES 'utf8'[0m
  [4;35;1mSQL (0.1ms)[0m   [0mSET SQL_AUTO_IS_NULL=0[0m
  [4;36;1mSQL (0.0ms)[0m   [0;1mMysql::Error: Table 'windrunner.sessions' doesn't exist: DELETE FROM sessions[0m
  [4;36;1mSQL (0.1ms)[0m   [0;1mSET NAMES 'utf8'[0m
  [4;35;1mSQL (0.1ms)[0m   [0mSET SQL_AUTO_IS_NULL=0[0m
  [4;36;1mSQL (0.2ms)[0m   [0;1mSHOW TABLES[0m
  [4;35;1mSQL (0.1ms)[0m   [0mSELECT version FROM schema_migrations[0m
Migrating to CreateProducts (20111020132232)
  [4;36;1mSQL (77.1ms)[0m   [0;1mCREATE TABLE `products` (`id` int(11) DEFAULT NULL auto_increment PRIMARY KEY, `name` varchar(255), `unique` varchar(255), `description` text, `image_url` varchar(255) DEFAULT 'No image', `cost` float DEFAULT 0.0, `price` float DEFAULT 0.0, `special_price` float DEFAULT 0.0, `member_price` float DEFAULT 0.0, `status` varchar(255) DEFAULT 'active', `quantity` int(11) DEFAULT 0, `category_id` int(11), `created_at` datetime, `updated_at` datetime) ENGINE=InnoDB[0m
  [4;35;1mProduct Columns (0.7ms)[0m   [0mSHOW FIELDS FROM `products`[0m
  [4;36;1mSQL (0.1ms)[0m   [0;1mBEGIN[0m
  [4;35;1mProduct Load (0.3ms)[0m   [0mSELECT `products`.id FROM `products` WHERE (`products`.`name` = BINARY 'Laptop') LIMIT 1[0m
  [4;36;1mProduct Create (0.2ms)[0m   [0;1mINSERT INTO `products` (`name`, `price`, `created_at`, `image_url`, `cost`, `quantity`, `updated_at`, `special_price`, `category_id`, `unique`, `description`, `member_price`, `status`) VALUES('Laptop', 5.0, '2011-10-21 06:50:10', '../images/products/1.jpg', 0.0, 0, '2011-10-21 06:50:10', 0.0, 1, NULL, 'Portable PC', 0.0, 'active')[0m
  [4;35;1mSQL (32.5ms)[0m   [0mCOMMIT[0m
  [4;36;1mSQL (0.1ms)[0m   [0;1mBEGIN[0m
  [4;35;1mProduct Load (0.2ms)[0m   [0mSELECT `products`.id FROM `products` WHERE (`products`.`name` = BINARY 'Desktop') LIMIT 1[0m
  [4;36;1mProduct Create (0.2ms)[0m   [0;1mINSERT INTO `products` (`name`, `price`, `created_at`, `image_url`, `cost`, `quantity`, `updated_at`, `special_price`, `category_id`, `unique`, `description`, `member_price`, `status`) VALUES('Desktop', 6.0, '2011-10-21 06:50:10', '../images/products/2.gif', 0.0, 0, '2011-10-21 06:50:10', 0.0, 1, NULL, 'Traditional PC', 0.0, 'active')[0m
  [4;35;1mSQL (30.5ms)[0m   [0mCOMMIT[0m
  [4;36;1mSQL (0.0ms)[0m   [0;1mBEGIN[0m
  [4;35;1mProduct Load (0.2ms)[0m   [0mSELECT `products`.id FROM `products` WHERE (`products`.`name` = BINARY 'Netbook') LIMIT 1[0m
  [4;36;1mProduct Create (0.2ms)[0m   [0;1mINSERT INTO `products` (`name`, `price`, `created_at`, `image_url`, `cost`, `quantity`, `updated_at`, `special_price`, `category_id`, `unique`, `description`, `member_price`, `status`) VALUES('Netbook', 7.0, '2011-10-21 06:50:10', '../images/products/3.jpg', 0.0, 0, '2011-10-21 06:50:10', 0.0, 1, NULL, 'Utra-Portable PC', 0.0, 'active')[0m
  [4;35;1mSQL (30.6ms)[0m   [0mCOMMIT[0m
  [4;36;1mSQL (0.1ms)[0m   [0;1mBEGIN[0m
  [4;35;1mProduct Load (0.2ms)[0m   [0mSELECT `products`.id FROM `products` WHERE (`products`.`name` = BINARY 'Tablet') LIMIT 1[0m
  [4;36;1mProduct Create (0.2ms)[0m   [0;1mINSERT INTO `products` (`name`, `price`, `created_at`, `image_url`, `cost`, `quantity`, `updated_at`, `special_price`, `category_id`, `unique`, `description`, `member_price`, `status`) VALUES('Tablet', 8.0, '2011-10-21 06:50:10', '../images/products/4.gif', 0.0, 0, '2011-10-21 06:50:10', 0.0, 1, NULL, 'Portable PC with touch screen', 0.0, 'active')[0m
  [4;35;1mSQL (30.5ms)[0m   [0mCOMMIT[0m
  [4;36;1mSQL (0.1ms)[0m   [0;1mBEGIN[0m
  [4;35;1mProduct Load (0.2ms)[0m   [0mSELECT `products`.id FROM `products` WHERE (`products`.`name` = BINARY 'All-in-one PC') LIMIT 1[0m
  [4;36;1mProduct Create (0.2ms)[0m   [0;1mINSERT INTO `products` (`name`, `price`, `created_at`, `image_url`, `cost`, `quantity`, `updated_at`, `special_price`, `category_id`, `unique`, `description`, `member_price`, `status`) VALUES('All-in-one PC', 9.0, '2011-10-21 06:50:10', '../images/products/5.gif', 0.0, 0, '2011-10-21 06:50:10', 0.0, 1, NULL, 'One block PC', 0.0, 'active')[0m
  [4;35;1mSQL (30.6ms)[0m   [0mCOMMIT[0m
  [4;36;1mSQL (33.0ms)[0m   [0;1mINSERT INTO schema_migrations (version) VALUES ('20111020132232')[0m
Migrating to CreateSessions (20111021043644)
  [4;35;1mSQL (89.7ms)[0m   [0mCREATE TABLE `sessions` (`id` int(11) DEFAULT NULL auto_increment PRIMARY KEY, `session_id` varchar(255) NOT NULL, `data` text, `created_at` datetime, `updated_at` datetime) ENGINE=InnoDB[0m
  [4;36;1mSQL (160.0ms)[0m   [0;1mCREATE INDEX `index_sessions_on_session_id` ON `sessions` (`session_id`)[0m
  [4;35;1mSQL (191.5ms)[0m   [0mCREATE INDEX `index_sessions_on_updated_at` ON `sessions` (`updated_at`)[0m
  [4;36;1mSQL (32.8ms)[0m   [0;1mINSERT INTO schema_migrations (version) VALUES ('20111021043644')[0m
  [4;35;1mSQL (0.3ms)[0m   [0mSHOW TABLES[0m
  [4;36;1mSQL (0.1ms)[0m   [0;1mSELECT version FROM schema_migrations[0m
  [4;35;1mSQL (0.1ms)[0m   [0mSHOW TABLES[0m
  [4;36;1mSQL (0.5ms)[0m   [0;1mSHOW FIELDS FROM `products`[0m
  [4;35;1mSQL (0.5ms)[0m   [0mdescribe `products`[0m
  [4;36;1mSQL (0.2ms)[0m   [0;1mSHOW KEYS FROM `products`[0m
  [4;35;1mSQL (0.4ms)[0m   [0mSHOW FIELDS FROM `sessions`[0m
  [4;36;1mSQL (0.3ms)[0m   [0;1mdescribe `sessions`[0m
  [4;35;1mSQL (0.2ms)[0m   [0mSHOW KEYS FROM `sessions`[0m
  [4;36;1mSQL (0.1ms)[0m   [0;1mSET NAMES 'utf8'[0m
  [4;35;1mSQL (0.1ms)[0m   [0mSET SQL_AUTO_IS_NULL=0[0m
DEPRECATION WARNING: protect_from_forgery only takes :only and :except options now. :digest and :secret have no effect. (called from /home/administrator/code/windrunner/app/controllers/application_controller.rb:6)


Processing PagesController#home (for 127.0.0.1 at 2011-10-21 13:50:18) [GET]
Rendering template within layouts/pages
Rendering pages/home
Completed in 20ms (View: 18, DB: 0) | 200 OK [http://localhost/]
  [4;36;1mSQL (0.1ms)[0m   [0;1mSET NAMES 'utf8'[0m
  [4;35;1mSQL (0.1ms)[0m   [0mSET SQL_AUTO_IS_NULL=0[0m
DEPRECATION WARNING: protect_from_forgery only takes :only and :except options now. :digest and :secret have no effect. (called from /home/administrator/code/windrunner/app/controllers/application_controller.rb:6)


Processing StoreController#index (for 127.0.0.1 at 2011-10-21 13:50:21) [GET]
  [4;36;1mProduct Load (0.4ms)[0m   [0;1mSELECT * FROM `products` [0m
Rendering template within layouts/store
Rendering store/index
  [4;35;1mProduct Columns (0.6ms)[0m   [0mSHOW FIELDS FROM `products`[0m
Completed in 39ms (View: 32, DB: 2) | 200 OK [http://localhost/store]
  [4;36;1mSQL (0.1ms)[0m   [0;1mSET NAMES 'utf8'[0m
  [4;35;1mSQL (0.1ms)[0m   [0mSET SQL_AUTO_IS_NULL=0[0m
DEPRECATION WARNING: protect_from_forgery only takes :only and :except options now. :digest and :secret have no effect. (called from /home/administrator/code/windrunner/app/controllers/application_controller.rb:6)


Processing StoreController#add_to_cart (for 127.0.0.1 at 2011-10-21 13:50:23) [POST]
  Parameters: {"authenticity_token"=>"yCO18+SARUxFc5Mzy0mfwFc+t6LjrfTEqREwKhlGVTM=", "id"=>"1"}
  [4;36;1mProduct Columns (0.8ms)[0m   [0;1mSHOW FIELDS FROM `products`[0m
  [4;35;1mProduct Load (0.3ms)[0m   [0mSELECT * FROM `products` WHERE (`products`.`id` = 1) [0m
Rendering template within layouts/store
Rendering store/add_to_cart
  [4;36;1mSQL (0.1ms)[0m   [0;1mBEGIN[0m
  [4;35;1mProduct Load (0.4ms)[0m   [0mSELECT `products`.id FROM `products` WHERE (`products`.`name` = BINARY 'Laptop' AND `products`.id <> 1) LIMIT 1[0m
  [4;36;1mProduct Update (0.3ms)[0m   [0;1mUPDATE `products` SET `updated_at` = '2011-10-21 06:50:23', `cost` = 5.0 WHERE `id` = 1[0m
  [4;35;1mSQL (38.8ms)[0m   [0mCOMMIT[0m
Completed in 67ms (View: 16, DB: 41) | 200 OK [http://localhost/store/add_to_cart/1]
  [4;36;1mSQL (0.1ms)[0m   [0;1mSET NAMES 'utf8'[0m
  [4;35;1mSQL (0.2ms)[0m   [0mSET SQL_AUTO_IS_NULL=0[0m
DEPRECATION WARNING: protect_from_forgery only takes :only and :except options now. :digest and :secret have no effect. (called from /home/administrator/code/windrunner/app/controllers/application_controller.rb:6)


Processing StoreController#add_to_cart (for 127.0.0.1 at 2011-10-21 13:51:23) [POST]
  Parameters: {"authenticity_token"=>"yCO18+SARUxFc5Mzy0mfwFc+t6LjrfTEqREwKhlGVTM=", "id"=>"1"}
  [4;36;1mProduct Columns (0.8ms)[0m   [0;1mSHOW FIELDS FROM `products`[0m
  [4;35;1mProduct Load (0.4ms)[0m   [0mSELECT * FROM `products` WHERE (`products`.`id` = 1) [0m
Rendering template within layouts/store
Rendering store/add_to_cart
Completed in 18ms (View: 7, DB: 2) | 200 OK [http://localhost/store/add_to_cart/1]
  [4;36;1mSQL (0.1ms)[0m   [0;1mSET NAMES 'utf8'[0m
  [4;35;1mSQL (0.1ms)[0m   [0mSET SQL_AUTO_IS_NULL=0[0m
DEPRECATION WARNING: protect_from_forgery only takes :only and :except options now. :digest and :secret have no effect. (called from /home/administrator/code/windrunner/app/controllers/application_controller.rb:6)


Processing StoreController#add_to_cart (for 127.0.0.1 at 2011-10-21 13:51:28) [POST]
  Parameters: {"authenticity_token"=>"yCO18+SARUxFc5Mzy0mfwFc+t6LjrfTEqREwKhlGVTM=", "id"=>"1"}
  [4;36;1mProduct Columns (0.8ms)[0m   [0;1mSHOW FIELDS FROM `products`[0m
  [4;35;1mProduct Load (0.1ms)[0m   [0mSELECT * FROM `products` WHERE (`products`.`id` = 1) [0m
Rendering template within layouts/store
Rendering store/add_to_cart
Completed in 32ms (View: 13, DB: 1) | 200 OK [http://localhost/store/add_to_cart/1]
  [4;36;1mSQL (0.1ms)[0m   [0;1mSET NAMES 'utf8'[0m
  [4;35;1mSQL (0.1ms)[0m   [0mSET SQL_AUTO_IS_NULL=0[0m
DEPRECATION WARNING: protect_from_forgery only takes :only and :except options now. :digest and :secret have no effect. (called from /home/administrator/code/windrunner/app/controllers/application_controller.rb:6)


Processing PagesController#home (for 127.0.0.1 at 2011-10-21 13:53:00) [GET]
Rendering template within layouts/pages
Rendering pages/home
Completed in 4ms (View: 3, DB: 0) | 200 OK [http://localhost/]
  [4;36;1mSQL (0.1ms)[0m   [0;1mSET NAMES 'utf8'[0m
  [4;35;1mSQL (0.2ms)[0m   [0mSET SQL_AUTO_IS_NULL=0[0m
DEPRECATION WARNING: protect_from_forgery only takes :only and :except options now. :digest and :secret have no effect. (called from /home/administrator/code/windrunner/app/controllers/application_controller.rb:6)


Processing StoreController#index (for 127.0.0.1 at 2011-10-21 13:53:01) [GET]
  [4;36;1mProduct Load (0.3ms)[0m   [0;1mSELECT * FROM `products` [0m
Rendering template within layouts/store
Rendering store/index
  [4;35;1mProduct Columns (0.9ms)[0m   [0mSHOW FIELDS FROM `products`[0m
Completed in 21ms (View: 15, DB: 2) | 200 OK [http://localhost/store]
  [4;36;1mSQL (0.1ms)[0m   [0;1mSET NAMES 'utf8'[0m
  [4;35;1mSQL (0.2ms)[0m   [0mSET SQL_AUTO_IS_NULL=0[0m
DEPRECATION WARNING: protect_from_forgery only takes :only and :except options now. :digest and :secret have no effect. (called from /home/administrator/code/windrunner/app/controllers/application_controller.rb:6)


Processing StoreController#add_to_cart (for 127.0.0.1 at 2011-10-21 13:53:02) [POST]
  Parameters: {"authenticity_token"=>"2LMyvwxw1DPOW9CZUQYqmTbwLF9htUvZRkhXqvXX8fY=", "id"=>"1"}
  [4;36;1mProduct Columns (0.8ms)[0m   [0;1mSHOW FIELDS FROM `products`[0m
  [4;35;1mProduct Load (0.1ms)[0m   [0mSELECT * FROM `products` WHERE (`products`.`id` = 1) [0m
Rendering template within layouts/store
Rendering store/add_to_cart
Completed in 19ms (View: 7, DB: 1) | 200 OK [http://localhost/store/add_to_cart/1]
  [4;36;1mSQL (0.1ms)[0m   [0;1mSET NAMES 'utf8'[0m
  [4;35;1mSQL (0.2ms)[0m   [0mSET SQL_AUTO_IS_NULL=0[0m
DEPRECATION WARNING: protect_from_forgery only takes :only and :except options now. :digest and :secret have no effect. (called from /home/administrator/code/windrunner/app/controllers/application_controller.rb:6)


Processing StoreController#index (for 127.0.0.1 at 2011-10-21 13:53:05) [GET]
  [4;36;1mProduct Load (0.1ms)[0m   [0;1mSELECT * FROM `products` [0m
Rendering template within layouts/store
Rendering store/index
  [4;35;1mProduct Columns (0.6ms)[0m   [0mSHOW FIELDS FROM `products`[0m
Completed in 24ms (View: 19, DB: 1) | 200 OK [http://localhost/store]
  [4;36;1mSQL (0.1ms)[0m   [0;1mSET NAMES 'utf8'[0m
  [4;35;1mSQL (0.1ms)[0m   [0mSET SQL_AUTO_IS_NULL=0[0m
DEPRECATION WARNING: protect_from_forgery only takes :only and :except options now. :digest and :secret have no effect. (called from /home/administrator/code/windrunner/app/controllers/application_controller.rb:6)


Processing StoreController#add_to_cart (for 127.0.0.1 at 2011-10-21 13:53:06) [POST]
  Parameters: {"authenticity_token"=>"2LMyvwxw1DPOW9CZUQYqmTbwLF9htUvZRkhXqvXX8fY=", "id"=>"1"}
  [4;36;1mProduct Columns (0.6ms)[0m   [0;1mSHOW FIELDS FROM `products`[0m
  [4;35;1mProduct Load (0.1ms)[0m   [0mSELECT * FROM `products` WHERE (`products`.`id` = 1) [0m
Rendering template within layouts/store
Rendering store/add_to_cart
Completed in 16ms (View: 6, DB: 1) | 200 OK [http://localhost/store/add_to_cart/1]
  [4;36;1mSQL (0.1ms)[0m   [0;1mSET NAMES 'utf8'[0m
  [4;35;1mSQL (0.2ms)[0m   [0mSET SQL_AUTO_IS_NULL=0[0m
DEPRECATION WARNING: protect_from_forgery only takes :only and :except options now. :digest and :secret have no effect. (called from /home/administrator/code/windrunner/app/controllers/application_controller.rb:6)


Processing StoreController#index (for 127.0.0.1 at 2011-10-21 13:53:20) [GET]
  [4;36;1mProduct Load (0.1ms)[0m   [0;1mSELECT * FROM `products` [0m
Rendering template within layouts/store
Rendering store/index
  [4;35;1mProduct Columns (0.7ms)[0m   [0mSHOW FIELDS FROM `products`[0m
Completed in 64ms (View: 58, DB: 2) | 200 OK [http://localhost/store]
  [4;36;1mSQL (0.1ms)[0m   [0;1mSET NAMES 'utf8'[0m
  [4;35;1mSQL (0.1ms)[0m   [0mSET SQL_AUTO_IS_NULL=0[0m
DEPRECATION WARNING: protect_from_forgery only takes :only and :except options now. :digest and :secret have no effect. (called from /home/administrator/code/windrunner/app/controllers/application_controller.rb:6)


Processing StoreController#add_to_cart (for 127.0.0.1 at 2011-10-21 13:53:21) [POST]
  Parameters: {"authenticity_token"=>"2LMyvwxw1DPOW9CZUQYqmTbwLF9htUvZRkhXqvXX8fY=", "id"=>"1"}
  [4;36;1mProduct Columns (0.7ms)[0m   [0;1mSHOW FIELDS FROM `products`[0m
  [4;35;1mProduct Load (0.1ms)[0m   [0mSELECT * FROM `products` WHERE (`products`.`id` = 1) [0m
Rendering template within layouts/store
Rendering store/add_to_cart
Completed in 19ms (View: 7, DB: 1) | 200 OK [http://localhost/store/add_to_cart/1]
  [4;36;1mSQL (0.1ms)[0m   [0;1mSET NAMES 'utf8'[0m
  [4;35;1mSQL (0.1ms)[0m   [0mSET SQL_AUTO_IS_NULL=0[0m
DEPRECATION WARNING: protect_from_forgery only takes :only and :except options now. :digest and :secret have no effect. (called from /home/administrator/code/windrunner/app/controllers/application_controller.rb:6)


Processing PagesController#home (for 127.0.0.1 at 2011-10-21 13:53:24) [GET]
Rendering template within layouts/pages
Rendering pages/home
Completed in 3ms (View: 2, DB: 0) | 200 OK [http://localhost/]
  [4;36;1mSQL (0.1ms)[0m   [0;1mSET NAMES 'utf8'[0m
  [4;35;1mSQL (0.2ms)[0m   [0mSET SQL_AUTO_IS_NULL=0[0m
DEPRECATION WARNING: protect_from_forgery only takes :only and :except options now. :digest and :secret have no effect. (called from /home/administrator/code/windrunner/app/controllers/application_controller.rb:6)


Processing PagesController#home (for 127.0.0.1 at 2011-10-21 13:57:39) [GET]
Rendering template within layouts/pages
Rendering pages/home
Completed in 3ms (View: 2, DB: 0) | 200 OK [http://localhost/]
  [4;36;1mSQL (0.1ms)[0m   [0;1mSET NAMES 'utf8'[0m
  [4;35;1mSQL (0.2ms)[0m   [0mSET SQL_AUTO_IS_NULL=0[0m
DEPRECATION WARNING: protect_from_forgery only takes :only and :except options now. :digest and :secret have no effect. (called from /home/administrator/code/windrunner/app/controllers/application_controller.rb:6)


Processing PagesController#home (for 127.0.0.1 at 2011-10-21 13:57:40) [GET]
Rendering template within layouts/pages
Rendering pages/home
Completed in 4ms (View: 2, DB: 0) | 200 OK [http://localhost/]
  [4;36;1mSQL (0.1ms)[0m   [0;1mSET NAMES 'utf8'[0m
  [4;35;1mSQL (0.2ms)[0m   [0mSET SQL_AUTO_IS_NULL=0[0m
DEPRECATION WARNING: protect_from_forgery only takes :only and :except options now. :digest and :secret have no effect. (called from /home/administrator/code/windrunner/app/controllers/application_controller.rb:6)


Processing StoreController#index (for 127.0.0.1 at 2011-10-21 13:57:41) [GET]
  [4;36;1mProduct Load (0.1ms)[0m   [0;1mSELECT * FROM `products` [0m
Rendering template within layouts/store
Rendering store/index
  [4;35;1mProduct Columns (0.6ms)[0m   [0mSHOW FIELDS FROM `products`[0m
Completed in 21ms (View: 16, DB: 1) | 200 OK [http://localhost/store]
  [4;36;1mSQL (0.1ms)[0m   [0;1mSET NAMES 'utf8'[0m
  [4;35;1mSQL (0.1ms)[0m   [0mSET SQL_AUTO_IS_NULL=0[0m
DEPRECATION WARNING: protect_from_forgery only takes :only and :except options now. :digest and :secret have no effect. (called from /home/administrator/code/windrunner/app/controllers/application_controller.rb:6)


Processing StoreController#add_to_cart (for 127.0.0.1 at 2011-10-21 13:57:42) [POST]
  Parameters: {"authenticity_token"=>"2LMyvwxw1DPOW9CZUQYqmTbwLF9htUvZRkhXqvXX8fY=", "id"=>"1"}
  [4;36;1mProduct Columns (0.7ms)[0m   [0;1mSHOW FIELDS FROM `products`[0m
  [4;35;1mProduct Load (0.1ms)[0m   [0mSELECT * FROM `products` WHERE (`products`.`id` = 1) [0m
Rendering template within layouts/store
Rendering store/add_to_cart
  [4;36;1mSQL (0.1ms)[0m   [0;1mBEGIN[0m
  [4;35;1mProduct Load (0.4ms)[0m   [0mSELECT `products`.id FROM `products` WHERE (`products`.`name` = BINARY 'Laptop' AND `products`.id <> 1) LIMIT 1[0m
  [4;36;1mProduct Update (0.3ms)[0m   [0;1mUPDATE `products` SET `updated_at` = '2011-10-21 06:57:42', `cost` = 20.0 WHERE `id` = 1[0m
  [4;35;1mSQL (37.3ms)[0m   [0mCOMMIT[0m
Completed in 63ms (View: 14, DB: 39) | 200 OK [http://localhost/store/add_to_cart/1]
  [4;36;1mSQL (0.1ms)[0m   [0;1mSET NAMES 'utf8'[0m
  [4;35;1mSQL (0.2ms)[0m   [0mSET SQL_AUTO_IS_NULL=0[0m
DEPRECATION WARNING: protect_from_forgery only takes :only and :except options now. :digest and :secret have no effect. (called from /home/administrator/code/windrunner/app/controllers/application_controller.rb:6)


Processing StoreController#add_to_cart (for 127.0.0.1 at 2011-10-21 13:58:13) [POST]
  Parameters: {"authenticity_token"=>"2LMyvwxw1DPOW9CZUQYqmTbwLF9htUvZRkhXqvXX8fY=", "id"=>"1"}
  [4;36;1mProduct Columns (0.8ms)[0m   [0;1mSHOW FIELDS FROM `products`[0m
  [4;35;1mProduct Load (6.5ms)[0m   [0mSELECT * FROM `products` WHERE (`products`.`id` = 1) [0m
Rendering template within layouts/store
Rendering store/add_to_cart
  [4;36;1mSQL (0.1ms)[0m   [0;1mBEGIN[0m
  [4;35;1mProduct Load (0.3ms)[0m   [0mSELECT `products`.id FROM `products` WHERE (`products`.`name` = BINARY 'Laptop' AND `products`.id <> 1) LIMIT 1[0m
  [4;36;1mProduct Update (0.3ms)[0m   [0;1mUPDATE `products` SET `updated_at` = '2011-10-21 06:58:13', `cost` = 25.0 WHERE `id` = 1[0m
  [4;35;1mSQL (67.7ms)[0m   [0mCOMMIT[0m
Completed in 116ms (View: 21, DB: 76) | 200 OK [http://localhost/store/add_to_cart/1]
  [4;36;1mSQL (0.1ms)[0m   [0;1mSET NAMES 'utf8'[0m
  [4;35;1mSQL (0.2ms)[0m   [0mSET SQL_AUTO_IS_NULL=0[0m
DEPRECATION WARNING: protect_from_forgery only takes :only and :except options now. :digest and :secret have no effect. (called from /home/administrator/code/windrunner/app/controllers/application_controller.rb:6)


Processing PagesController#home (for 127.0.0.1 at 2011-10-21 13:58:17) [GET]
Rendering template within layouts/pages
Rendering pages/home
Completed in 3ms (View: 2, DB: 0) | 200 OK [http://localhost/]
  [4;36;1mSQL (0.1ms)[0m   [0;1mSET NAMES 'utf8'[0m
  [4;35;1mSQL (0.2ms)[0m   [0mSET SQL_AUTO_IS_NULL=0[0m
DEPRECATION WARNING: protect_from_forgery only takes :only and :except options now. :digest and :secret have no effect. (called from /home/administrator/code/windrunner/app/controllers/application_controller.rb:6)


Processing StoreController#index (for 127.0.0.1 at 2011-10-21 13:58:23) [GET]
  [4;36;1mProduct Load (0.3ms)[0m   [0;1mSELECT * FROM `products` [0m
Rendering template within layouts/store
Rendering store/index
  [4;35;1mProduct Columns (0.6ms)[0m   [0mSHOW FIELDS FROM `products`[0m
Completed in 21ms (View: 16, DB: 1) | 200 OK [http://localhost/store]
  [4;36;1mSQL (0.1ms)[0m   [0;1mSET NAMES 'utf8'[0m
  [4;35;1mSQL (0.2ms)[0m   [0mSET SQL_AUTO_IS_NULL=0[0m
DEPRECATION WARNING: protect_from_forgery only takes :only and :except options now. :digest and :secret have no effect. (called from /home/administrator/code/windrunner/app/controllers/application_controller.rb:6)


Processing StoreController#add_to_cart (for 127.0.0.1 at 2011-10-21 13:58:25) [POST]
  Parameters: {"authenticity_token"=>"2LMyvwxw1DPOW9CZUQYqmTbwLF9htUvZRkhXqvXX8fY=", "id"=>"1"}
  [4;36;1mProduct Columns (0.7ms)[0m   [0;1mSHOW FIELDS FROM `products`[0m
  [4;35;1mProduct Load (0.2ms)[0m   [0mSELECT * FROM `products` WHERE (`products`.`id` = 1) [0m
Rendering template within layouts/store
Rendering store/add_to_cart
  [4;36;1mSQL (0.1ms)[0m   [0;1mBEGIN[0m
  [4;35;1mProduct Load (0.3ms)[0m   [0mSELECT `products`.id FROM `products` WHERE (`products`.`name` = BINARY 'Laptop' AND `products`.id <> 1) LIMIT 1[0m
  [4;36;1mProduct Update (0.2ms)[0m   [0;1mUPDATE `products` SET `updated_at` = '2011-10-21 06:58:25', `cost` = 30.0 WHERE `id` = 1[0m
  [4;35;1mSQL (50.5ms)[0m   [0mCOMMIT[0m
Completed in 113ms (View: 51, DB: 53) | 200 OK [http://localhost/store/add_to_cart/1]
  [4;36;1mSQL (0.1ms)[0m   [0;1mSET NAMES 'utf8'[0m
  [4;35;1mSQL (0.1ms)[0m   [0mSET SQL_AUTO_IS_NULL=0[0m
DEPRECATION WARNING: protect_from_forgery only takes :only and :except options now. :digest and :secret have no effect. (called from /home/administrator/code/windrunner/app/controllers/application_controller.rb:6)


Processing ProductsController#index (for 127.0.0.1 at 2011-10-21 14:01:12) [GET]
  [4;36;1mProduct Load (0.3ms)[0m   [0;1mSELECT * FROM `products` [0m
  [4;35;1mProduct Columns (0.6ms)[0m   [0mSHOW FIELDS FROM `products`[0m
  [4;36;1mCACHE (0.0ms)[0m   [0;1mSELECT * FROM `products` [0m
Rendering template within layouts/products
Rendering products/index
Completed in 43ms (View: 35, DB: 1) | 200 OK [http://localhost/products]
  [4;35;1mSQL (0.1ms)[0m   [0mSET NAMES 'utf8'[0m
  [4;36;1mSQL (0.2ms)[0m   [0;1mSET SQL_AUTO_IS_NULL=0[0m
DEPRECATION WARNING: protect_from_forgery only takes :only and :except options now. :digest and :secret have no effect. (called from /home/administrator/code/windrunner/app/controllers/application_controller.rb:6)


Processing StoreController#index (for 127.0.0.1 at 2011-10-21 14:01:12) [GET]
  [4;35;1mProduct Load (0.1ms)[0m   [0mSELECT * FROM `products` [0m
Rendering template within layouts/store
Rendering store/index
  [4;36;1mProduct Columns (0.6ms)[0m   [0;1mSHOW FIELDS FROM `products`[0m
Completed in 22ms (View: 17, DB: 1) | 200 OK [http://localhost/store]
  [4;35;1mSQL (0.1ms)[0m   [0mSET NAMES 'utf8'[0m
  [4;36;1mSQL (0.1ms)[0m   [0;1mSET SQL_AUTO_IS_NULL=0[0m
DEPRECATION WARNING: protect_from_forgery only takes :only and :except options now. :digest and :secret have no effect. (called from /home/administrator/code/windrunner/app/controllers/application_controller.rb:6)


Processing StoreController#add_to_cart (for 127.0.0.1 at 2011-10-21 14:01:14) [POST]
  Parameters: {"authenticity_token"=>"2LMyvwxw1DPOW9CZUQYqmTbwLF9htUvZRkhXqvXX8fY=", "id"=>"2"}
  [4;35;1mProduct Columns (0.8ms)[0m   [0mSHOW FIELDS FROM `products`[0m
  [4;36;1mProduct Load (0.3ms)[0m   [0;1mSELECT * FROM `products` WHERE (`products`.`id` = 2) [0m
Rendering template within layouts/store
Rendering store/add_to_cart
  [4;35;1mSQL (0.1ms)[0m   [0mBEGIN[0m
  [4;36;1mProduct Load (0.3ms)[0m   [0;1mSELECT `products`.id FROM `products` WHERE (`products`.`name` = BINARY 'Laptop' AND `products`.id <> 1) LIMIT 1[0m
  [4;35;1mSQL (0.1ms)[0m   [0mCOMMIT[0m
  [4;36;1mSQL (0.1ms)[0m   [0;1mBEGIN[0m
  [4;35;1mProduct Load (0.3ms)[0m   [0mSELECT `products`.id FROM `products` WHERE (`products`.`name` = BINARY 'Desktop' AND `products`.id <> 2) LIMIT 1[0m
  [4;36;1mProduct Update (0.2ms)[0m   [0;1mUPDATE `products` SET `updated_at` = '2011-10-21 07:01:14', `cost` = 6.0 WHERE `id` = 2[0m
  [4;35;1mSQL (28.4ms)[0m   [0mCOMMIT[0m
Completed in 100ms (View: 12, DB: 31) | 200 OK [http://localhost/store/add_to_cart/2]
  [4;36;1mSQL (0.1ms)[0m   [0;1mSET NAMES 'utf8'[0m
  [4;35;1mSQL (0.2ms)[0m   [0mSET SQL_AUTO_IS_NULL=0[0m
DEPRECATION WARNING: protect_from_forgery only takes :only and :except options now. :digest and :secret have no effect. (called from /home/administrator/code/windrunner/app/controllers/application_controller.rb:6)


Processing ProductsController#index (for 127.0.0.1 at 2011-10-21 14:01:17) [GET]
  [4;36;1mProduct Load (2.1ms)[0m   [0;1mSELECT * FROM `products` [0m
  [4;35;1mProduct Columns (0.6ms)[0m   [0mSHOW FIELDS FROM `products`[0m
  [4;36;1mCACHE (0.0ms)[0m   [0;1mSELECT * FROM `products` [0m
Rendering template within layouts/products
Rendering products/index
Completed in 34ms (View: 25, DB: 3) | 200 OK [http://localhost/products]
  [4;35;1mSQL (0.1ms)[0m   [0mSET NAMES 'utf8'[0m
  [4;36;1mSQL (0.1ms)[0m   [0;1mSET SQL_AUTO_IS_NULL=0[0m
DEPRECATION WARNING: protect_from_forgery only takes :only and :except options now. :digest and :secret have no effect. (called from /home/administrator/code/windrunner/app/controllers/application_controller.rb:6)


Processing StoreController#index (for 127.0.0.1 at 2011-10-21 14:01:18) [GET]
  [4;35;1mProduct Load (0.1ms)[0m   [0mSELECT * FROM `products` [0m
Rendering template within layouts/store
Rendering store/index
  [4;36;1mProduct Columns (0.8ms)[0m   [0;1mSHOW FIELDS FROM `products`[0m
Completed in 27ms (View: 21, DB: 1) | 200 OK [http://localhost/store]
  [4;35;1mSQL (0.3ms)[0m   [0mSET NAMES 'utf8'[0m
  [4;36;1mSQL (0.1ms)[0m   [0;1mSET SQL_AUTO_IS_NULL=0[0m
DEPRECATION WARNING: protect_from_forgery only takes :only and :except options now. :digest and :secret have no effect. (called from /home/administrator/code/windrunner/app/controllers/application_controller.rb:6)


Processing StoreController#add_to_cart (for 127.0.0.1 at 2011-10-21 14:01:20) [POST]
  Parameters: {"authenticity_token"=>"2LMyvwxw1DPOW9CZUQYqmTbwLF9htUvZRkhXqvXX8fY=", "id"=>"3"}
  [4;35;1mProduct Columns (0.8ms)[0m   [0mSHOW FIELDS FROM `products`[0m
  [4;36;1mProduct Load (0.3ms)[0m   [0;1mSELECT * FROM `products` WHERE (`products`.`id` = 3) [0m
Rendering template within layouts/store
Rendering store/add_to_cart
  [4;35;1mSQL (0.1ms)[0m   [0mBEGIN[0m
  [4;36;1mProduct Load (0.4ms)[0m   [0;1mSELECT `products`.id FROM `products` WHERE (`products`.`name` = BINARY 'Laptop' AND `products`.id <> 1) LIMIT 1[0m
  [4;35;1mSQL (0.1ms)[0m   [0mCOMMIT[0m
  [4;36;1mSQL (0.1ms)[0m   [0;1mBEGIN[0m
  [4;35;1mProduct Load (0.4ms)[0m   [0mSELECT `products`.id FROM `products` WHERE (`products`.`name` = BINARY 'Desktop' AND `products`.id <> 2) LIMIT 1[0m
  [4;36;1mSQL (0.1ms)[0m   [0;1mCOMMIT[0m
  [4;35;1mSQL (0.0ms)[0m   [0mBEGIN[0m
  [4;36;1mProduct Load (0.3ms)[0m   [0;1mSELECT `products`.id FROM `products` WHERE (`products`.`name` = BINARY 'Netbook' AND `products`.id <> 3) LIMIT 1[0m
  [4;35;1mProduct Update (0.2ms)[0m   [0mUPDATE `products` SET `updated_at` = '2011-10-21 07:01:20', `cost` = 7.0 WHERE `id` = 3[0m
  [4;36;1mSQL (42.2ms)[0m   [0;1mCOMMIT[0m
Completed in 76ms (View: 17, DB: 46) | 200 OK [http://localhost/store/add_to_cart/3]
  [4;35;1mSQL (0.1ms)[0m   [0mSET NAMES 'utf8'[0m
  [4;36;1mSQL (0.2ms)[0m   [0;1mSET SQL_AUTO_IS_NULL=0[0m
DEPRECATION WARNING: protect_from_forgery only takes :only and :except options now. :digest and :secret have no effect. (called from /home/administrator/code/windrunner/app/controllers/application_controller.rb:6)


Processing StoreController#index (for 127.0.0.1 at 2011-10-21 14:01:21) [GET]
  [4;35;1mProduct Load (0.3ms)[0m   [0mSELECT * FROM `products` [0m
Rendering template within layouts/store
Rendering store/index
  [4;36;1mProduct Columns (0.6ms)[0m   [0;1mSHOW FIELDS FROM `products`[0m
Completed in 22ms (View: 17, DB: 1) | 200 OK [http://localhost/store]
  [4;35;1mSQL (0.1ms)[0m   [0mSET NAMES 'utf8'[0m
  [4;36;1mSQL (0.2ms)[0m   [0;1mSET SQL_AUTO_IS_NULL=0[0m
DEPRECATION WARNING: protect_from_forgery only takes :only and :except options now. :digest and :secret have no effect. (called from /home/administrator/code/windrunner/app/controllers/application_controller.rb:6)


Processing StoreController#add_to_cart (for 127.0.0.1 at 2011-10-21 14:01:22) [POST]
  Parameters: {"authenticity_token"=>"2LMyvwxw1DPOW9CZUQYqmTbwLF9htUvZRkhXqvXX8fY=", "id"=>"3"}
  [4;35;1mProduct Columns (0.8ms)[0m   [0mSHOW FIELDS FROM `products`[0m
  [4;36;1mProduct Load (0.2ms)[0m   [0;1mSELECT * FROM `products` WHERE (`products`.`id` = 3) [0m
Rendering template within layouts/store
Rendering store/add_to_cart
  [4;35;1mSQL (0.1ms)[0m   [0mBEGIN[0m
  [4;36;1mProduct Load (0.3ms)[0m   [0;1mSELECT `products`.id FROM `products` WHERE (`products`.`name` = BINARY 'Laptop' AND `products`.id <> 1) LIMIT 1[0m
  [4;35;1mSQL (0.1ms)[0m   [0mCOMMIT[0m
  [4;36;1mSQL (0.1ms)[0m   [0;1mBEGIN[0m
  [4;35;1mProduct Load (0.3ms)[0m   [0mSELECT `products`.id FROM `products` WHERE (`products`.`name` = BINARY 'Desktop' AND `products`.id <> 2) LIMIT 1[0m
  [4;36;1mSQL (0.1ms)[0m   [0;1mCOMMIT[0m
  [4;35;1mSQL (0.1ms)[0m   [0mBEGIN[0m
  [4;36;1mProduct Load (0.4ms)[0m   [0;1mSELECT `products`.id FROM `products` WHERE (`products`.`name` = BINARY 'Netbook' AND `products`.id <> 3) LIMIT 1[0m
  [4;35;1mProduct Update (0.3ms)[0m   [0mUPDATE `products` SET `updated_at` = '2011-10-21 07:01:22', `cost` = 14.0 WHERE `id` = 3[0m
  [4;36;1mSQL (27.8ms)[0m   [0;1mCOMMIT[0m
Completed in 55ms (View: 14, DB: 31) | 200 OK [http://localhost/store/add_to_cart/3]
  [4;35;1mSQL (0.1ms)[0m   [0mSET NAMES 'utf8'[0m
  [4;36;1mSQL (0.1ms)[0m   [0;1mSET SQL_AUTO_IS_NULL=0[0m
DEPRECATION WARNING: protect_from_forgery only takes :only and :except options now. :digest and :secret have no effect. (called from /home/administrator/code/windrunner/app/controllers/application_controller.rb:6)


Processing PagesController#settings (for 127.0.0.1 at 2011-10-21 14:01:59) [GET]
Rendering template within layouts/pages
Rendering pages/settings
Completed in 8ms (View: 6, DB: 0) | 200 OK [http://localhost/settings]
  [4;35;1mSQL (0.1ms)[0m   [0mSET NAMES 'utf8'[0m
  [4;36;1mSQL (0.2ms)[0m   [0;1mSET SQL_AUTO_IS_NULL=0[0m
DEPRECATION WARNING: protect_from_forgery only takes :only and :except options now. :digest and :secret have no effect. (called from /home/administrator/code/windrunner/app/controllers/application_controller.rb:6)


Processing PagesController#contact (for 127.0.0.1 at 2011-10-21 14:02:00) [GET]
Rendering template within layouts/pages
Rendering pages/contact
Completed in 50ms (View: 48, DB: 0) | 200 OK [http://localhost/contact]
  [4;35;1mSQL (0.1ms)[0m   [0mSET NAMES 'utf8'[0m
  [4;36;1mSQL (0.2ms)[0m   [0;1mSET SQL_AUTO_IS_NULL=0[0m
DEPRECATION WARNING: protect_from_forgery only takes :only and :except options now. :digest and :secret have no effect. (called from /home/administrator/code/windrunner/app/controllers/application_controller.rb:6)


Processing PagesController#home (for 127.0.0.1 at 2011-10-21 14:02:01) [GET]
Rendering template within layouts/pages
Rendering pages/home
Completed in 4ms (View: 2, DB: 0) | 200 OK [http://localhost/]
  [4;36;1mSQL (0.1ms)[0m   [0;1mSET NAMES 'utf8'[0m
  [4;35;1mSQL (0.2ms)[0m   [0mSET SQL_AUTO_IS_NULL=0[0m
DEPRECATION WARNING: protect_from_forgery only takes :only and :except options now. :digest and :secret have no effect. (called from /home/administrator/code/windrunner/app/controllers/application_controller.rb:6)


Processing PagesController#home (for 127.0.0.1 at 2011-10-21 14:02:18) [GET]
Rendering template within layouts/pages
Rendering pages/home
Completed in 23ms (View: 21, DB: 0) | 200 OK [http://localhost/]
  [4;36;1mSQL (0.1ms)[0m   [0;1mSET NAMES 'utf8'[0m
  [4;35;1mSQL (0.2ms)[0m   [0mSET SQL_AUTO_IS_NULL=0[0m
DEPRECATION WARNING: protect_from_forgery only takes :only and :except options now. :digest and :secret have no effect. (called from /home/administrator/code/windrunner/app/controllers/application_controller.rb:6)


Processing StoreController#index (for 127.0.0.1 at 2011-10-21 14:02:19) [GET]
  [4;36;1mProduct Load (0.3ms)[0m   [0;1mSELECT * FROM `products` [0m
Rendering template within layouts/store
Rendering store/index
  [4;35;1mProduct Columns (0.6ms)[0m   [0mSHOW FIELDS FROM `products`[0m
Completed in 38ms (View: 31, DB: 2) | 200 OK [http://localhost/store]
  [4;36;1mSQL (0.1ms)[0m   [0;1mSET NAMES 'utf8'[0m
  [4;35;1mSQL (0.1ms)[0m   [0mSET SQL_AUTO_IS_NULL=0[0m
DEPRECATION WARNING: protect_from_forgery only takes :only and :except options now. :digest and :secret have no effect. (called from /home/administrator/code/windrunner/app/controllers/application_controller.rb:6)


Processing StoreController#add_to_cart (for 127.0.0.1 at 2011-10-21 14:02:20) [POST]
  Parameters: {"authenticity_token"=>"2mckKhP3xxfRMuEmvNcJr7rB3CMz9VbczqnGH1Tovlk=", "id"=>"1"}
  [4;36;1mProduct Columns (0.7ms)[0m   [0;1mSHOW FIELDS FROM `products`[0m
  [4;35;1mProduct Load (0.2ms)[0m   [0mSELECT * FROM `products` WHERE (`products`.`id` = 1) [0m
Rendering template within layouts/store
Rendering store/add_to_cart
  [4;36;1mSQL (0.1ms)[0m   [0;1mBEGIN[0m
  [4;35;1mProduct Load (0.3ms)[0m   [0mSELECT `products`.id FROM `products` WHERE (`products`.`name` = BINARY 'Laptop' AND `products`.id <> 1) LIMIT 1[0m
  [4;36;1mProduct Update (0.2ms)[0m   [0;1mUPDATE `products` SET `updated_at` = '2011-10-21 07:02:20', `cost` = 5.0 WHERE `id` = 1[0m
  [4;35;1mSQL (45.7ms)[0m   [0mCOMMIT[0m
Completed in 71ms (View: 15, DB: 48) | 200 OK [http://localhost/store/add_to_cart/1]
  [4;36;1mSQL (0.1ms)[0m   [0;1mSET NAMES 'utf8'[0m
  [4;35;1mSQL (0.2ms)[0m   [0mSET SQL_AUTO_IS_NULL=0[0m
DEPRECATION WARNING: protect_from_forgery only takes :only and :except options now. :digest and :secret have no effect. (called from /home/administrator/code/windrunner/app/controllers/application_controller.rb:6)


Processing StoreController#index (for 127.0.0.1 at 2011-10-21 14:02:21) [GET]
  [4;36;1mProduct Load (0.3ms)[0m   [0;1mSELECT * FROM `products` [0m
Rendering template within layouts/store
Rendering store/index
  [4;35;1mProduct Columns (0.8ms)[0m   [0mSHOW FIELDS FROM `products`[0m
Completed in 23ms (View: 18, DB: 2) | 200 OK [http://localhost/store]
  [4;36;1mSQL (0.1ms)[0m   [0;1mSET NAMES 'utf8'[0m
  [4;35;1mSQL (0.1ms)[0m   [0mSET SQL_AUTO_IS_NULL=0[0m
DEPRECATION WARNING: protect_from_forgery only takes :only and :except options now. :digest and :secret have no effect. (called from /home/administrator/code/windrunner/app/controllers/application_controller.rb:6)


Processing StoreController#add_to_cart (for 127.0.0.1 at 2011-10-21 14:02:22) [POST]
  Parameters: {"authenticity_token"=>"2mckKhP3xxfRMuEmvNcJr7rB3CMz9VbczqnGH1Tovlk=", "id"=>"2"}
  [4;36;1mProduct Columns (0.8ms)[0m   [0;1mSHOW FIELDS FROM `products`[0m
  [4;35;1mProduct Load (0.3ms)[0m   [0mSELECT * FROM `products` WHERE (`products`.`id` = 2) [0m
Rendering template within layouts/store
Rendering store/add_to_cart
  [4;36;1mSQL (0.1ms)[0m   [0;1mBEGIN[0m
  [4;35;1mProduct Load (0.3ms)[0m   [0mSELECT `products`.id FROM `products` WHERE (`products`.`name` = BINARY 'Laptop' AND `products`.id <> 1) LIMIT 1[0m
  [4;36;1mSQL (0.1ms)[0m   [0;1mCOMMIT[0m
  [4;35;1mSQL (0.1ms)[0m   [0mBEGIN[0m
  [4;36;1mProduct Load (0.3ms)[0m   [0;1mSELECT `products`.id FROM `products` WHERE (`products`.`name` = BINARY 'Desktop' AND `products`.id <> 2) LIMIT 1[0m
  [4;35;1mSQL (0.1ms)[0m   [0mCOMMIT[0m
Completed in 23ms (View: 11, DB: 3) | 200 OK [http://localhost/store/add_to_cart/2]
  [4;36;1mSQL (0.5ms)[0m   [0;1mSET NAMES 'utf8'[0m
  [4;35;1mSQL (0.2ms)[0m   [0mSET SQL_AUTO_IS_NULL=0[0m
DEPRECATION WARNING: protect_from_forgery only takes :only and :except options now. :digest and :secret have no effect. (called from /home/administrator/code/windrunner/app/controllers/application_controller.rb:6)


Processing StoreController#add_to_cart (for 127.0.0.1 at 2011-10-21 14:03:50) [POST]
  Parameters: {"authenticity_token"=>"2mckKhP3xxfRMuEmvNcJr7rB3CMz9VbczqnGH1Tovlk=", "id"=>"2"}
  [4;36;1mProduct Columns (0.8ms)[0m   [0;1mSHOW FIELDS FROM `products`[0m
  [4;35;1mProduct Load (0.1ms)[0m   [0mSELECT * FROM `products` WHERE (`products`.`id` = 2) [0m
Rendering template within layouts/store
Rendering store/add_to_cart
  [4;36;1mSQL (0.1ms)[0m   [0;1mBEGIN[0m
  [4;35;1mProduct Load (0.1ms)[0m   [0mSELECT `products`.id FROM `products` WHERE (`products`.`name` = BINARY 'Laptop' AND `products`.id <> 1) LIMIT 1[0m
  [4;36;1mSQL (0.1ms)[0m   [0;1mCOMMIT[0m
  [4;35;1mSQL (0.1ms)[0m   [0mBEGIN[0m
  [4;36;1mProduct Load (0.1ms)[0m   [0;1mSELECT `products`.id FROM `products` WHERE (`products`.`name` = BINARY 'Desktop' AND `products`.id <> 2) LIMIT 1[0m
  [4;35;1mProduct Update (0.3ms)[0m   [0mUPDATE `products` SET `updated_at` = '2011-10-21 07:03:50', `cost` = 12.0 WHERE `id` = 2[0m
  [4;36;1mSQL (61.5ms)[0m   [0;1mCOMMIT[0m
Completed in 104ms (View: 21, DB: 64) | 200 OK [http://localhost/store/add_to_cart/2]
